105.06.11 13:41 B C:\Inetpub\wwwroot\Lblog\admin\FCKeditor\editor\_source\internals\fck.js --> wsw1.surftown.dk /zxcv1234/lblog.dk/admin/FCKeditor/editor/_source/internals fck.js
105.06.11 13:41 B C:\Inetpub\wwwroot\Lblog\admin\FCKeditor\editor\_source\internals\fck_1.js --> wsw1.surftown.dk /zxcv1234/lblog.dk/admin/FCKeditor/editor/_source/internals fck_1.js
105.06.11 13:41 B C:\Inetpub\wwwroot\Lblog\admin\FCKeditor\editor\_source\internals\fck_1_gecko.js --> wsw1.surftown.dk /zxcv1234/lblog.dk/admin/FCKeditor/editor/_source/internals fck_1_gecko.js
105.06.11 13:41 B C:\Inetpub\wwwroot\Lblog\admin\FCKeditor\editor\_source\internals\fck_1_ie.js --> wsw1.surftown.dk /zxcv1234/lblog.dk/admin/FCKeditor/editor/_source/internals fck_1_ie.js
105.06.11 13:41 B C:\Inetpub\wwwroot\Lblog\admin\FCKeditor\editor\_source\internals\fck_2.js --> wsw1.surftown.dk /zxcv1234/lblog.dk/admin/FCKeditor/editor/_source/internals fck_2.js
105.06.11 13:41 B C:\Inetpub\wwwroot\Lblog\admin\FCKeditor\editor\_source\internals\fck_2_gecko.js --> wsw1.surftown.dk /zxcv1234/lblog.dk/admin/FCKeditor/editor/_source/internals fck_2_gecko.js
105.06.11 13:41 B C:\Inetpub\wwwroot\Lblog\admin\FCKeditor\editor\_source\internals\fck_2_ie.js --> wsw1.surftown.dk /zxcv1234/lblog.dk/admin/FCKeditor/editor/_source/internals fck_2_ie.js
105.06.11 13:41 B C:\Inetpub\wwwroot\Lblog\admin\FCKeditor\editor\_source\internals\fck_last.js --> wsw1.surftown.dk /zxcv1234/lblog.dk/admin/FCKeditor/editor/_source/internals fck_last.js
105.06.11 13:41 B C:\Inetpub\wwwroot\Lblog\admin\FCKeditor\editor\_source\internals\fck_onload.js --> wsw1.surftown.dk /zxcv1234/lblog.dk/admin/FCKeditor/editor/_source/internals fck_onload.js
105.06.11 13:41 B C:\Inetpub\wwwroot\Lblog\admin\FCKeditor\editor\_source\internals\fckbrowserinfo.js --> wsw1.surftown.dk /zxcv1234/lblog.dk/admin/FCKeditor/editor/_source/internals fckbrowserinfo.js
105.06.11 13:41 B C:\Inetpub\wwwroot\Lblog\admin\FCKeditor\editor\_source\internals\fckcodeformatter.js --> wsw1.surftown.dk /zxcv1234/lblog.dk/admin/FCKeditor/editor/_source/internals fckcodeformatter.js
105.06.11 13:41 B C:\Inetpub\wwwroot\Lblog\admin\FCKeditor\editor\_source\internals\fckcommands.js --> wsw1.surftown.dk /zxcv1234/lblog.dk/admin/FCKeditor/editor/_source/internals fckcommands.js
105.06.11 13:41 B C:\Inetpub\wwwroot\Lblog\admin\FCKeditor\editor\_source\internals\fckconfig.js --> wsw1.surftown.dk /zxcv1234/lblog.dk/admin/FCKeditor/editor/_source/internals fckconfig.js
105.06.11 13:41 B C:\Inetpub\wwwroot\Lblog\admin\FCKeditor\editor\_source\internals\fckcontextmenu.js --> wsw1.surftown.dk /zxcv1234/lblog.dk/admin/FCKeditor/editor/_source/internals fckcontextmenu.js
105.06.11 13:41 B C:\Inetpub\wwwroot\Lblog\admin\FCKeditor\editor\_source\internals\fckcontextmenu_gecko.js --> wsw1.surftown.dk /zxcv1234/lblog.dk/admin/FCKeditor/editor/_source/internals fckcontextmenu_gecko.js
105.06.11 13:41 B C:\Inetpub\wwwroot\Lblog\admin\FCKeditor\editor\_source\internals\fckcontextmenu_ie.js --> wsw1.surftown.dk /zxcv1234/lblog.dk/admin/FCKeditor/editor/_source/internals fckcontextmenu_ie.js
105.06.11 13:41 B C:\Inetpub\wwwroot\Lblog\admin\FCKeditor\editor\_source\internals\fckcoreextensions.js --> wsw1.surftown.dk /zxcv1234/lblog.dk/admin/FCKeditor/editor/_source/internals fckcoreextensions.js
105.06.11 13:41 B C:\Inetpub\wwwroot\Lblog\admin\FCKeditor\editor\_source\internals\fckdebug.js --> wsw1.surftown.dk /zxcv1234/lblog.dk/admin/FCKeditor/editor/_source/internals fckdebug.js
105.06.11 13:41 B C:\Inetpub\wwwroot\Lblog\admin\FCKeditor\editor\_source\internals\fckdialog.js --> wsw1.surftown.dk /zxcv1234/lblog.dk/admin/FCKeditor/editor/_source/internals fckdialog.js
105.06.11 13:41 B C:\Inetpub\wwwroot\Lblog\admin\FCKeditor\editor\_source\internals\fckdialog_gecko.js --> wsw1.surftown.dk /zxcv1234/lblog.dk/admin/FCKeditor/editor/_source/internals fckdialog_gecko.js
105.06.11 13:41 B C:\Inetpub\wwwroot\Lblog\admin\FCKeditor\editor\_source\internals\fckdialog_ie.js --> wsw1.surftown.dk /zxcv1234/lblog.dk/admin/FCKeditor/editor/_source/internals fckdialog_ie.js
105.06.11 13:41 B C:\Inetpub\wwwroot\Lblog\admin\FCKeditor\editor\_source\internals\fcklanguagemanager.js --> wsw1.surftown.dk /zxcv1234/lblog.dk/admin/FCKeditor/editor/_source/internals fcklanguagemanager.js
105.06.11 13:41 B C:\Inetpub\wwwroot\Lblog\admin\FCKeditor\editor\_source\internals\fcknamespace.js --> wsw1.surftown.dk /zxcv1234/lblog.dk/admin/FCKeditor/editor/_source/internals fcknamespace.js
105.06.11 13:41 B C:\Inetpub\wwwroot\Lblog\admin\FCKeditor\editor\_source\internals\fckplugins.js --> wsw1.surftown.dk /zxcv1234/lblog.dk/admin/FCKeditor/editor/_source/internals fckplugins.js
105.06.11 13:41 B C:\Inetpub\wwwroot\Lblog\admin\FCKeditor\editor\_source\internals\fckregexlib.js --> wsw1.surftown.dk /zxcv1234/lblog.dk/admin/FCKeditor/editor/_source/internals fckregexlib.js
105.06.11 13:41 B C:\Inetpub\wwwroot\Lblog\admin\FCKeditor\editor\_source\internals\fckscriptloader.js --> wsw1.surftown.dk /zxcv1234/lblog.dk/admin/FCKeditor/editor/_source/internals fckscriptloader.js
105.06.11 13:41 B C:\Inetpub\wwwroot\Lblog\admin\FCKeditor\editor\_source\internals\fckselection.js --> wsw1.surftown.dk /zxcv1234/lblog.dk/admin/FCKeditor/editor/_source/internals fckselection.js
105.06.11 13:41 B C:\Inetpub\wwwroot\Lblog\admin\FCKeditor\editor\_source\internals\fckselection_gecko.js --> wsw1.surftown.dk /zxcv1234/lblog.dk/admin/FCKeditor/editor/_source/internals fckselection_gecko.js
105.06.11 13:41 B C:\Inetpub\wwwroot\Lblog\admin\FCKeditor\editor\_source\internals\fckselection_ie.js --> wsw1.surftown.dk /zxcv1234/lblog.dk/admin/FCKeditor/editor/_source/internals fckselection_ie.js
105.06.11 13:41 B C:\Inetpub\wwwroot\Lblog\admin\FCKeditor\editor\_source\internals\fcktablehandler.js --> wsw1.surftown.dk /zxcv1234/lblog.dk/admin/FCKeditor/editor/_source/internals fcktablehandler.js
105.06.11 13:41 B C:\Inetpub\wwwroot\Lblog\admin\FCKeditor\editor\_source\internals\fcktablehandler_gecko.js --> wsw1.surftown.dk /zxcv1234/lblog.dk/admin/FCKeditor/editor/_source/internals fcktablehandler_gecko.js
105.06.11 13:41 B C:\Inetpub\wwwroot\Lblog\admin\FCKeditor\editor\_source\internals\fcktablehandler_ie.js --> wsw1.surftown.dk /zxcv1234/lblog.dk/admin/FCKeditor/editor/_source/internals fcktablehandler_ie.js
105.06.11 13:41 B C:\Inetpub\wwwroot\Lblog\admin\FCKeditor\editor\_source\internals\fcktoolbaritems.js --> wsw1.surftown.dk /zxcv1234/lblog.dk/admin/FCKeditor/editor/_source/internals fcktoolbaritems.js
105.06.11 13:41 B C:\Inetpub\wwwroot\Lblog\admin\FCKeditor\editor\_source\internals\fcktoolbarset.js --> wsw1.surftown.dk /zxcv1234/lblog.dk/admin/FCKeditor/editor/_source/internals fcktoolbarset.js
105.06.11 13:41 B C:\Inetpub\wwwroot\Lblog\admin\FCKeditor\editor\_source\internals\fcktools.js --> wsw1.surftown.dk /zxcv1234/lblog.dk/admin/FCKeditor/editor/_source/internals fcktools.js
105.06.11 13:41 B C:\Inetpub\wwwroot\Lblog\admin\FCKeditor\editor\_source\internals\fcktools_gecko.js --> wsw1.surftown.dk /zxcv1234/lblog.dk/admin/FCKeditor/editor/_source/internals fcktools_gecko.js
105.06.11 13:41 B C:\Inetpub\wwwroot\Lblog\admin\FCKeditor\editor\_source\internals\fcktools_ie.js --> wsw1.surftown.dk /zxcv1234/lblog.dk/admin/FCKeditor/editor/_source/internals fcktools_ie.js
105.06.11 13:41 B C:\Inetpub\wwwroot\Lblog\admin\FCKeditor\editor\_source\internals\fckundo_gecko.js --> wsw1.surftown.dk /zxcv1234/lblog.dk/admin/FCKeditor/editor/_source/internals fckundo_gecko.js
105.06.11 13:41 B C:\Inetpub\wwwroot\Lblog\admin\FCKeditor\editor\_source\internals\fckundo_ie.js --> wsw1.surftown.dk /zxcv1234/lblog.dk/admin/FCKeditor/editor/_source/internals fckundo_ie.js
105.06.11 13:41 B C:\Inetpub\wwwroot\Lblog\admin\FCKeditor\editor\_source\internals\fckurlparams.js --> wsw1.surftown.dk /zxcv1234/lblog.dk/admin/FCKeditor/editor/_source/internals fckurlparams.js
105.06.11 13:41 B C:\Inetpub\wwwroot\Lblog\admin\FCKeditor\editor\_source\internals\fckxhtml.js --> wsw1.surftown.dk /zxcv1234/lblog.dk/admin/FCKeditor/editor/_source/internals fckxhtml.js
105.06.11 13:41 B C:\Inetpub\wwwroot\Lblog\admin\FCKeditor\editor\_source\internals\fckxhtml_gecko.js --> wsw1.surftown.dk /zxcv1234/lblog.dk/admin/FCKeditor/editor/_source/internals fckxhtml_gecko.js
105.06.11 13:41 B C:\Inetpub\wwwroot\Lblog\admin\FCKeditor\editor\_source\internals\fckxhtml_ie.js --> wsw1.surftown.dk /zxcv1234/lblog.dk/admin/FCKeditor/editor/_source/internals fckxhtml_ie.js
105.06.11 13:41 B C:\Inetpub\wwwroot\Lblog\admin\FCKeditor\editor\_source\internals\fckxhtmlentities.js --> wsw1.surftown.dk /zxcv1234/lblog.dk/admin/FCKeditor/editor/_source/internals fckxhtmlentities.js
