105.06.11 13:43 B C:\Inetpub\wwwroot\Lblog\admin\FCKeditor\editor\images\smiley\msn\angel_smile.gif --> wsw1.surftown.dk /zxcv1234/lblog.dk/admin/FCKeditor/editor/images/smiley/msn angel_smile.gif
105.06.11 13:43 B C:\Inetpub\wwwroot\Lblog\admin\FCKeditor\editor\images\smiley\msn\angry_smile.gif --> wsw1.surftown.dk /zxcv1234/lblog.dk/admin/FCKeditor/editor/images/smiley/msn angry_smile.gif
105.06.11 13:43 B C:\Inetpub\wwwroot\Lblog\admin\FCKeditor\editor\images\smiley\msn\broken_heart.gif --> wsw1.surftown.dk /zxcv1234/lblog.dk/admin/FCKeditor/editor/images/smiley/msn broken_heart.gif
105.06.11 13:43 B C:\Inetpub\wwwroot\Lblog\admin\FCKeditor\editor\images\smiley\msn\cake.gif --> wsw1.surftown.dk /zxcv1234/lblog.dk/admin/FCKeditor/editor/images/smiley/msn cake.gif
105.06.11 13:43 B C:\Inetpub\wwwroot\Lblog\admin\FCKeditor\editor\images\smiley\msn\confused_smile.gif --> wsw1.surftown.dk /zxcv1234/lblog.dk/admin/FCKeditor/editor/images/smiley/msn confused_smile.gif
105.06.11 13:43 B C:\Inetpub\wwwroot\Lblog\admin\FCKeditor\editor\images\smiley\msn\cry_smile.gif --> wsw1.surftown.dk /zxcv1234/lblog.dk/admin/FCKeditor/editor/images/smiley/msn cry_smile.gif
105.06.11 13:43 B C:\Inetpub\wwwroot\Lblog\admin\FCKeditor\editor\images\smiley\msn\devil_smile.gif --> wsw1.surftown.dk /zxcv1234/lblog.dk/admin/FCKeditor/editor/images/smiley/msn devil_smile.gif
105.06.11 13:43 B C:\Inetpub\wwwroot\Lblog\admin\FCKeditor\editor\images\smiley\msn\embaressed_smile.gif --> wsw1.surftown.dk /zxcv1234/lblog.dk/admin/FCKeditor/editor/images/smiley/msn embaressed_smile.gif
105.06.11 13:43 B C:\Inetpub\wwwroot\Lblog\admin\FCKeditor\editor\images\smiley\msn\envelope.gif --> wsw1.surftown.dk /zxcv1234/lblog.dk/admin/FCKeditor/editor/images/smiley/msn envelope.gif
105.06.11 13:43 B C:\Inetpub\wwwroot\Lblog\admin\FCKeditor\editor\images\smiley\msn\heart.gif --> wsw1.surftown.dk /zxcv1234/lblog.dk/admin/FCKeditor/editor/images/smiley/msn heart.gif
105.06.11 13:43 B C:\Inetpub\wwwroot\Lblog\admin\FCKeditor\editor\images\smiley\msn\kiss.gif --> wsw1.surftown.dk /zxcv1234/lblog.dk/admin/FCKeditor/editor/images/smiley/msn kiss.gif
105.06.11 13:43 B C:\Inetpub\wwwroot\Lblog\admin\FCKeditor\editor\images\smiley\msn\lightbulb.gif --> wsw1.surftown.dk /zxcv1234/lblog.dk/admin/FCKeditor/editor/images/smiley/msn lightbulb.gif
105.06.11 13:43 B C:\Inetpub\wwwroot\Lblog\admin\FCKeditor\editor\images\smiley\msn\omg_smile.gif --> wsw1.surftown.dk /zxcv1234/lblog.dk/admin/FCKeditor/editor/images/smiley/msn omg_smile.gif
105.06.11 13:43 B C:\Inetpub\wwwroot\Lblog\admin\FCKeditor\editor\images\smiley\msn\regular_smile.gif --> wsw1.surftown.dk /zxcv1234/lblog.dk/admin/FCKeditor/editor/images/smiley/msn regular_smile.gif
105.06.11 13:43 B C:\Inetpub\wwwroot\Lblog\admin\FCKeditor\editor\images\smiley\msn\sad_smile.gif --> wsw1.surftown.dk /zxcv1234/lblog.dk/admin/FCKeditor/editor/images/smiley/msn sad_smile.gif
105.06.11 13:43 B C:\Inetpub\wwwroot\Lblog\admin\FCKeditor\editor\images\smiley\msn\shades_smile.gif --> wsw1.surftown.dk /zxcv1234/lblog.dk/admin/FCKeditor/editor/images/smiley/msn shades_smile.gif
105.06.11 13:43 B C:\Inetpub\wwwroot\Lblog\admin\FCKeditor\editor\images\smiley\msn\teeth_smile.gif --> wsw1.surftown.dk /zxcv1234/lblog.dk/admin/FCKeditor/editor/images/smiley/msn teeth_smile.gif
105.06.11 13:43 B C:\Inetpub\wwwroot\Lblog\admin\FCKeditor\editor\images\smiley\msn\thumbs_down.gif --> wsw1.surftown.dk /zxcv1234/lblog.dk/admin/FCKeditor/editor/images/smiley/msn thumbs_down.gif
105.06.11 13:43 B C:\Inetpub\wwwroot\Lblog\admin\FCKeditor\editor\images\smiley\msn\thumbs_up.gif --> wsw1.surftown.dk /zxcv1234/lblog.dk/admin/FCKeditor/editor/images/smiley/msn thumbs_up.gif
105.06.11 13:43 B C:\Inetpub\wwwroot\Lblog\admin\FCKeditor\editor\images\smiley\msn\tounge_smile.gif --> wsw1.surftown.dk /zxcv1234/lblog.dk/admin/FCKeditor/editor/images/smiley/msn tounge_smile.gif
105.06.11 13:43 B C:\Inetpub\wwwroot\Lblog\admin\FCKeditor\editor\images\smiley\msn\whatchutalkingabout_smile.gif --> wsw1.surftown.dk /zxcv1234/lblog.dk/admin/FCKeditor/editor/images/smiley/msn whatchutalkingabout_smile.gif
105.06.11 13:43 B C:\Inetpub\wwwroot\Lblog\admin\FCKeditor\editor\images\smiley\msn\wink_smile.gif --> wsw1.surftown.dk /zxcv1234/lblog.dk/admin/FCKeditor/editor/images/smiley/msn wink_smile.gif
