105.06.11 13:44 B C:\Inetpub\wwwroot\Lblog\admin\FCKeditor\editor\skins\silver\toolbar\about.gif --> wsw1.surftown.dk /zxcv1234/lblog.dk/admin/FCKeditor/editor/skins/silver/toolbar about.gif
105.06.11 13:44 B C:\Inetpub\wwwroot\Lblog\admin\FCKeditor\editor\skins\silver\toolbar\anchor.gif --> wsw1.surftown.dk /zxcv1234/lblog.dk/admin/FCKeditor/editor/skins/silver/toolbar anchor.gif
105.06.11 13:45 B C:\Inetpub\wwwroot\Lblog\admin\FCKeditor\editor\skins\silver\toolbar\bgcolor.gif --> wsw1.surftown.dk /zxcv1234/lblog.dk/admin/FCKeditor/editor/skins/silver/toolbar bgcolor.gif
105.06.11 13:45 B C:\Inetpub\wwwroot\Lblog\admin\FCKeditor\editor\skins\silver\toolbar\bold.gif --> wsw1.surftown.dk /zxcv1234/lblog.dk/admin/FCKeditor/editor/skins/silver/toolbar bold.gif
105.06.11 13:45 B C:\Inetpub\wwwroot\Lblog\admin\FCKeditor\editor\skins\silver\toolbar\bulletedlist.gif --> wsw1.surftown.dk /zxcv1234/lblog.dk/admin/FCKeditor/editor/skins/silver/toolbar bulletedlist.gif
105.06.11 13:45 B C:\Inetpub\wwwroot\Lblog\admin\FCKeditor\editor\skins\silver\toolbar\button.gif --> wsw1.surftown.dk /zxcv1234/lblog.dk/admin/FCKeditor/editor/skins/silver/toolbar button.gif
105.06.11 13:45 B C:\Inetpub\wwwroot\Lblog\admin\FCKeditor\editor\skins\silver\toolbar\checkbox.gif --> wsw1.surftown.dk /zxcv1234/lblog.dk/admin/FCKeditor/editor/skins/silver/toolbar checkbox.gif
105.06.11 13:45 B C:\Inetpub\wwwroot\Lblog\admin\FCKeditor\editor\skins\silver\toolbar\copy.gif --> wsw1.surftown.dk /zxcv1234/lblog.dk/admin/FCKeditor/editor/skins/silver/toolbar copy.gif
105.06.11 13:45 B C:\Inetpub\wwwroot\Lblog\admin\FCKeditor\editor\skins\silver\toolbar\cut.gif --> wsw1.surftown.dk /zxcv1234/lblog.dk/admin/FCKeditor/editor/skins/silver/toolbar cut.gif
105.06.11 13:45 B C:\Inetpub\wwwroot\Lblog\admin\FCKeditor\editor\skins\silver\toolbar\docprops.gif --> wsw1.surftown.dk /zxcv1234/lblog.dk/admin/FCKeditor/editor/skins/silver/toolbar docprops.gif
105.06.11 13:45 B C:\Inetpub\wwwroot\Lblog\admin\FCKeditor\editor\skins\silver\toolbar\find.gif --> wsw1.surftown.dk /zxcv1234/lblog.dk/admin/FCKeditor/editor/skins/silver/toolbar find.gif
105.06.11 13:45 B C:\Inetpub\wwwroot\Lblog\admin\FCKeditor\editor\skins\silver\toolbar\form.gif --> wsw1.surftown.dk /zxcv1234/lblog.dk/admin/FCKeditor/editor/skins/silver/toolbar form.gif
105.06.11 13:45 B C:\Inetpub\wwwroot\Lblog\admin\FCKeditor\editor\skins\silver\toolbar\hiddenfield.gif --> wsw1.surftown.dk /zxcv1234/lblog.dk/admin/FCKeditor/editor/skins/silver/toolbar hiddenfield.gif
105.06.11 13:45 B C:\Inetpub\wwwroot\Lblog\admin\FCKeditor\editor\skins\silver\toolbar\image.gif --> wsw1.surftown.dk /zxcv1234/lblog.dk/admin/FCKeditor/editor/skins/silver/toolbar image.gif
105.06.11 13:45 B C:\Inetpub\wwwroot\Lblog\admin\FCKeditor\editor\skins\silver\toolbar\imagebutton.gif --> wsw1.surftown.dk /zxcv1234/lblog.dk/admin/FCKeditor/editor/skins/silver/toolbar imagebutton.gif
105.06.11 13:45 B C:\Inetpub\wwwroot\Lblog\admin\FCKeditor\editor\skins\silver\toolbar\indent.gif --> wsw1.surftown.dk /zxcv1234/lblog.dk/admin/FCKeditor/editor/skins/silver/toolbar indent.gif
105.06.11 13:45 B C:\Inetpub\wwwroot\Lblog\admin\FCKeditor\editor\skins\silver\toolbar\inserthorizontalrule.gif --> wsw1.surftown.dk /zxcv1234/lblog.dk/admin/FCKeditor/editor/skins/silver/toolbar inserthorizontalrule.gif
105.06.11 13:45 B C:\Inetpub\wwwroot\Lblog\admin\FCKeditor\editor\skins\silver\toolbar\insertorderedlist.gif --> wsw1.surftown.dk /zxcv1234/lblog.dk/admin/FCKeditor/editor/skins/silver/toolbar insertorderedlist.gif
105.06.11 13:45 B C:\Inetpub\wwwroot\Lblog\admin\FCKeditor\editor\skins\silver\toolbar\insertunorderedlist.gif --> wsw1.surftown.dk /zxcv1234/lblog.dk/admin/FCKeditor/editor/skins/silver/toolbar insertunorderedlist.gif
105.06.11 13:45 B C:\Inetpub\wwwroot\Lblog\admin\FCKeditor\editor\skins\silver\toolbar\italic.gif --> wsw1.surftown.dk /zxcv1234/lblog.dk/admin/FCKeditor/editor/skins/silver/toolbar italic.gif
105.06.11 13:45 B C:\Inetpub\wwwroot\Lblog\admin\FCKeditor\editor\skins\silver\toolbar\justifycenter.gif --> wsw1.surftown.dk /zxcv1234/lblog.dk/admin/FCKeditor/editor/skins/silver/toolbar justifycenter.gif
105.06.11 13:45 B C:\Inetpub\wwwroot\Lblog\admin\FCKeditor\editor\skins\silver\toolbar\justifyfull.gif --> wsw1.surftown.dk /zxcv1234/lblog.dk/admin/FCKeditor/editor/skins/silver/toolbar justifyfull.gif
105.06.11 13:45 B C:\Inetpub\wwwroot\Lblog\admin\FCKeditor\editor\skins\silver\toolbar\justifyleft.gif --> wsw1.surftown.dk /zxcv1234/lblog.dk/admin/FCKeditor/editor/skins/silver/toolbar justifyleft.gif
105.06.11 13:45 B C:\Inetpub\wwwroot\Lblog\admin\FCKeditor\editor\skins\silver\toolbar\justifyright.gif --> wsw1.surftown.dk /zxcv1234/lblog.dk/admin/FCKeditor/editor/skins/silver/toolbar justifyright.gif
105.06.11 13:45 B C:\Inetpub\wwwroot\Lblog\admin\FCKeditor\editor\skins\silver\toolbar\link.gif --> wsw1.surftown.dk /zxcv1234/lblog.dk/admin/FCKeditor/editor/skins/silver/toolbar link.gif
105.06.11 13:45 B C:\Inetpub\wwwroot\Lblog\admin\FCKeditor\editor\skins\silver\toolbar\newpage.gif --> wsw1.surftown.dk /zxcv1234/lblog.dk/admin/FCKeditor/editor/skins/silver/toolbar newpage.gif
105.06.11 13:45 B C:\Inetpub\wwwroot\Lblog\admin\FCKeditor\editor\skins\silver\toolbar\numberedlist.gif --> wsw1.surftown.dk /zxcv1234/lblog.dk/admin/FCKeditor/editor/skins/silver/toolbar numberedlist.gif
105.06.11 13:45 B C:\Inetpub\wwwroot\Lblog\admin\FCKeditor\editor\skins\silver\toolbar\outdent.gif --> wsw1.surftown.dk /zxcv1234/lblog.dk/admin/FCKeditor/editor/skins/silver/toolbar outdent.gif
105.06.11 13:45 B C:\Inetpub\wwwroot\Lblog\admin\FCKeditor\editor\skins\silver\toolbar\paste.gif --> wsw1.surftown.dk /zxcv1234/lblog.dk/admin/FCKeditor/editor/skins/silver/toolbar paste.gif
105.06.11 13:45 B C:\Inetpub\wwwroot\Lblog\admin\FCKeditor\editor\skins\silver\toolbar\pastetext.gif --> wsw1.surftown.dk /zxcv1234/lblog.dk/admin/FCKeditor/editor/skins/silver/toolbar pastetext.gif
105.06.11 13:45 B C:\Inetpub\wwwroot\Lblog\admin\FCKeditor\editor\skins\silver\toolbar\pasteword.gif --> wsw1.surftown.dk /zxcv1234/lblog.dk/admin/FCKeditor/editor/skins/silver/toolbar pasteword.gif
105.06.11 13:45 B C:\Inetpub\wwwroot\Lblog\admin\FCKeditor\editor\skins\silver\toolbar\preview.gif --> wsw1.surftown.dk /zxcv1234/lblog.dk/admin/FCKeditor/editor/skins/silver/toolbar preview.gif
105.06.11 13:45 B C:\Inetpub\wwwroot\Lblog\admin\FCKeditor\editor\skins\silver\toolbar\print.gif --> wsw1.surftown.dk /zxcv1234/lblog.dk/admin/FCKeditor/editor/skins/silver/toolbar print.gif
105.06.11 13:45 B C:\Inetpub\wwwroot\Lblog\admin\FCKeditor\editor\skins\silver\toolbar\radio.gif --> wsw1.surftown.dk /zxcv1234/lblog.dk/admin/FCKeditor/editor/skins/silver/toolbar radio.gif
105.06.11 13:45 B C:\Inetpub\wwwroot\Lblog\admin\FCKeditor\editor\skins\silver\toolbar\redo.gif --> wsw1.surftown.dk /zxcv1234/lblog.dk/admin/FCKeditor/editor/skins/silver/toolbar redo.gif
105.06.11 13:45 B C:\Inetpub\wwwroot\Lblog\admin\FCKeditor\editor\skins\silver\toolbar\removeformat.gif --> wsw1.surftown.dk /zxcv1234/lblog.dk/admin/FCKeditor/editor/skins/silver/toolbar removeformat.gif
105.06.11 13:45 B C:\Inetpub\wwwroot\Lblog\admin\FCKeditor\editor\skins\silver\toolbar\replace.gif --> wsw1.surftown.dk /zxcv1234/lblog.dk/admin/FCKeditor/editor/skins/silver/toolbar replace.gif
105.06.11 13:45 B C:\Inetpub\wwwroot\Lblog\admin\FCKeditor\editor\skins\silver\toolbar\save.gif --> wsw1.surftown.dk /zxcv1234/lblog.dk/admin/FCKeditor/editor/skins/silver/toolbar save.gif
105.06.11 13:45 B C:\Inetpub\wwwroot\Lblog\admin\FCKeditor\editor\skins\silver\toolbar\select.gif --> wsw1.surftown.dk /zxcv1234/lblog.dk/admin/FCKeditor/editor/skins/silver/toolbar select.gif
105.06.11 13:45 B C:\Inetpub\wwwroot\Lblog\admin\FCKeditor\editor\skins\silver\toolbar\selectall.gif --> wsw1.surftown.dk /zxcv1234/lblog.dk/admin/FCKeditor/editor/skins/silver/toolbar selectall.gif
105.06.11 13:45 B C:\Inetpub\wwwroot\Lblog\admin\FCKeditor\editor\skins\silver\toolbar\showdetails.gif --> wsw1.surftown.dk /zxcv1234/lblog.dk/admin/FCKeditor/editor/skins/silver/toolbar showdetails.gif
105.06.11 13:45 B C:\Inetpub\wwwroot\Lblog\admin\FCKeditor\editor\skins\silver\toolbar\showtableborders.gif --> wsw1.surftown.dk /zxcv1234/lblog.dk/admin/FCKeditor/editor/skins/silver/toolbar showtableborders.gif
105.06.11 13:45 B C:\Inetpub\wwwroot\Lblog\admin\FCKeditor\editor\skins\silver\toolbar\smiley.gif --> wsw1.surftown.dk /zxcv1234/lblog.dk/admin/FCKeditor/editor/skins/silver/toolbar smiley.gif
105.06.11 13:45 B C:\Inetpub\wwwroot\Lblog\admin\FCKeditor\editor\skins\silver\toolbar\source.gif --> wsw1.surftown.dk /zxcv1234/lblog.dk/admin/FCKeditor/editor/skins/silver/toolbar source.gif
105.06.11 13:45 B C:\Inetpub\wwwroot\Lblog\admin\FCKeditor\editor\skins\silver\toolbar\specialchar.gif --> wsw1.surftown.dk /zxcv1234/lblog.dk/admin/FCKeditor/editor/skins/silver/toolbar specialchar.gif
105.06.11 13:45 B C:\Inetpub\wwwroot\Lblog\admin\FCKeditor\editor\skins\silver\toolbar\spellcheck.gif --> wsw1.surftown.dk /zxcv1234/lblog.dk/admin/FCKeditor/editor/skins/silver/toolbar spellcheck.gif
105.06.11 13:45 B C:\Inetpub\wwwroot\Lblog\admin\FCKeditor\editor\skins\silver\toolbar\strikethrough.gif --> wsw1.surftown.dk /zxcv1234/lblog.dk/admin/FCKeditor/editor/skins/silver/toolbar strikethrough.gif
105.06.11 13:45 B C:\Inetpub\wwwroot\Lblog\admin\FCKeditor\editor\skins\silver\toolbar\subscript.gif --> wsw1.surftown.dk /zxcv1234/lblog.dk/admin/FCKeditor/editor/skins/silver/toolbar subscript.gif
105.06.11 13:45 B C:\Inetpub\wwwroot\Lblog\admin\FCKeditor\editor\skins\silver\toolbar\superscript.gif --> wsw1.surftown.dk /zxcv1234/lblog.dk/admin/FCKeditor/editor/skins/silver/toolbar superscript.gif
105.06.11 13:45 B C:\Inetpub\wwwroot\Lblog\admin\FCKeditor\editor\skins\silver\toolbar\table.gif --> wsw1.surftown.dk /zxcv1234/lblog.dk/admin/FCKeditor/editor/skins/silver/toolbar table.gif
105.06.11 13:45 B C:\Inetpub\wwwroot\Lblog\admin\FCKeditor\editor\skins\silver\toolbar\tablecell.gif --> wsw1.surftown.dk /zxcv1234/lblog.dk/admin/FCKeditor/editor/skins/silver/toolbar tablecell.gif
105.06.11 13:45 B C:\Inetpub\wwwroot\Lblog\admin\FCKeditor\editor\skins\silver\toolbar\tabledeletecells.gif --> wsw1.surftown.dk /zxcv1234/lblog.dk/admin/FCKeditor/editor/skins/silver/toolbar tabledeletecells.gif
105.06.11 13:45 B C:\Inetpub\wwwroot\Lblog\admin\FCKeditor\editor\skins\silver\toolbar\tabledeletecolumns.gif --> wsw1.surftown.dk /zxcv1234/lblog.dk/admin/FCKeditor/editor/skins/silver/toolbar tabledeletecolumns.gif
105.06.11 13:45 B C:\Inetpub\wwwroot\Lblog\admin\FCKeditor\editor\skins\silver\toolbar\tabledeleterows.gif --> wsw1.surftown.dk /zxcv1234/lblog.dk/admin/FCKeditor/editor/skins/silver/toolbar tabledeleterows.gif
105.06.11 13:45 B C:\Inetpub\wwwroot\Lblog\admin\FCKeditor\editor\skins\silver\toolbar\tableinsertcell.gif --> wsw1.surftown.dk /zxcv1234/lblog.dk/admin/FCKeditor/editor/skins/silver/toolbar tableinsertcell.gif
105.06.11 13:45 B C:\Inetpub\wwwroot\Lblog\admin\FCKeditor\editor\skins\silver\toolbar\tableinsertcolumn.gif --> wsw1.surftown.dk /zxcv1234/lblog.dk/admin/FCKeditor/editor/skins/silver/toolbar tableinsertcolumn.gif
105.06.11 13:45 B C:\Inetpub\wwwroot\Lblog\admin\FCKeditor\editor\skins\silver\toolbar\tableinsertrow.gif --> wsw1.surftown.dk /zxcv1234/lblog.dk/admin/FCKeditor/editor/skins/silver/toolbar tableinsertrow.gif
105.06.11 13:45 B C:\Inetpub\wwwroot\Lblog\admin\FCKeditor\editor\skins\silver\toolbar\tablemergecells.gif --> wsw1.surftown.dk /zxcv1234/lblog.dk/admin/FCKeditor/editor/skins/silver/toolbar tablemergecells.gif
105.06.11 13:45 B C:\Inetpub\wwwroot\Lblog\admin\FCKeditor\editor\skins\silver\toolbar\tablesplitcell.gif --> wsw1.surftown.dk /zxcv1234/lblog.dk/admin/FCKeditor/editor/skins/silver/toolbar tablesplitcell.gif
105.06.11 13:45 B C:\Inetpub\wwwroot\Lblog\admin\FCKeditor\editor\skins\silver\toolbar\templates.gif --> wsw1.surftown.dk /zxcv1234/lblog.dk/admin/FCKeditor/editor/skins/silver/toolbar templates.gif
105.06.11 13:45 B C:\Inetpub\wwwroot\Lblog\admin\FCKeditor\editor\skins\silver\toolbar\textarea.gif --> wsw1.surftown.dk /zxcv1234/lblog.dk/admin/FCKeditor/editor/skins/silver/toolbar textarea.gif
105.06.11 13:45 B C:\Inetpub\wwwroot\Lblog\admin\FCKeditor\editor\skins\silver\toolbar\textcolor.gif --> wsw1.surftown.dk /zxcv1234/lblog.dk/admin/FCKeditor/editor/skins/silver/toolbar textcolor.gif
105.06.11 13:45 B C:\Inetpub\wwwroot\Lblog\admin\FCKeditor\editor\skins\silver\toolbar\textfield.gif --> wsw1.surftown.dk /zxcv1234/lblog.dk/admin/FCKeditor/editor/skins/silver/toolbar textfield.gif
105.06.11 13:45 B C:\Inetpub\wwwroot\Lblog\admin\FCKeditor\editor\skins\silver\toolbar\underline.gif --> wsw1.surftown.dk /zxcv1234/lblog.dk/admin/FCKeditor/editor/skins/silver/toolbar underline.gif
105.06.11 13:45 B C:\Inetpub\wwwroot\Lblog\admin\FCKeditor\editor\skins\silver\toolbar\undo.gif --> wsw1.surftown.dk /zxcv1234/lblog.dk/admin/FCKeditor/editor/skins/silver/toolbar undo.gif
105.06.11 13:45 B C:\Inetpub\wwwroot\Lblog\admin\FCKeditor\editor\skins\silver\toolbar\universalkey.gif --> wsw1.surftown.dk /zxcv1234/lblog.dk/admin/FCKeditor/editor/skins/silver/toolbar universalkey.gif
105.06.11 13:45 B C:\Inetpub\wwwroot\Lblog\admin\FCKeditor\editor\skins\silver\toolbar\unlink.gif --> wsw1.surftown.dk /zxcv1234/lblog.dk/admin/FCKeditor/editor/skins/silver/toolbar unlink.gif
105.06.11 13:45 B C:\Inetpub\wwwroot\Lblog\admin\FCKeditor\editor\skins\silver\toolbar\unorderedlist.gif --> wsw1.surftown.dk /zxcv1234/lblog.dk/admin/FCKeditor/editor/skins/silver/toolbar unorderedlist.gif
