105.06.11 13:42 B C:\Inetpub\wwwroot\Lblog\admin\FCKeditor\editor\filemanager\browser\default\images\icons\32\ai.gif --> wsw1.surftown.dk /zxcv1234/lblog.dk/admin/FCKeditor/editor/filemanager/browser/default/images/icons/32 ai.gif
105.06.11 13:42 B C:\Inetpub\wwwroot\Lblog\admin\FCKeditor\editor\filemanager\browser\default\images\icons\32\avi.gif --> wsw1.surftown.dk /zxcv1234/lblog.dk/admin/FCKeditor/editor/filemanager/browser/default/images/icons/32 avi.gif
105.06.11 13:42 B C:\Inetpub\wwwroot\Lblog\admin\FCKeditor\editor\filemanager\browser\default\images\icons\32\bmp.gif --> wsw1.surftown.dk /zxcv1234/lblog.dk/admin/FCKeditor/editor/filemanager/browser/default/images/icons/32 bmp.gif
105.06.11 13:42 B C:\Inetpub\wwwroot\Lblog\admin\FCKeditor\editor\filemanager\browser\default\images\icons\32\cs.gif --> wsw1.surftown.dk /zxcv1234/lblog.dk/admin/FCKeditor/editor/filemanager/browser/default/images/icons/32 cs.gif
105.06.11 13:42 B C:\Inetpub\wwwroot\Lblog\admin\FCKeditor\editor\filemanager\browser\default\images\icons\32\default.icon.gif --> wsw1.surftown.dk /zxcv1234/lblog.dk/admin/FCKeditor/editor/filemanager/browser/default/images/icons/32 default.icon.gif
105.06.11 13:42 B C:\Inetpub\wwwroot\Lblog\admin\FCKeditor\editor\filemanager\browser\default\images\icons\32\dll.gif --> wsw1.surftown.dk /zxcv1234/lblog.dk/admin/FCKeditor/editor/filemanager/browser/default/images/icons/32 dll.gif
105.06.11 13:42 B C:\Inetpub\wwwroot\Lblog\admin\FCKeditor\editor\filemanager\browser\default\images\icons\32\doc.gif --> wsw1.surftown.dk /zxcv1234/lblog.dk/admin/FCKeditor/editor/filemanager/browser/default/images/icons/32 doc.gif
105.06.11 13:42 B C:\Inetpub\wwwroot\Lblog\admin\FCKeditor\editor\filemanager\browser\default\images\icons\32\exe.gif --> wsw1.surftown.dk /zxcv1234/lblog.dk/admin/FCKeditor/editor/filemanager/browser/default/images/icons/32 exe.gif
105.06.11 13:42 B C:\Inetpub\wwwroot\Lblog\admin\FCKeditor\editor\filemanager\browser\default\images\icons\32\fla.gif --> wsw1.surftown.dk /zxcv1234/lblog.dk/admin/FCKeditor/editor/filemanager/browser/default/images/icons/32 fla.gif
105.06.11 13:42 B C:\Inetpub\wwwroot\Lblog\admin\FCKeditor\editor\filemanager\browser\default\images\icons\32\gif.gif --> wsw1.surftown.dk /zxcv1234/lblog.dk/admin/FCKeditor/editor/filemanager/browser/default/images/icons/32 gif.gif
105.06.11 13:42 B C:\Inetpub\wwwroot\Lblog\admin\FCKeditor\editor\filemanager\browser\default\images\icons\32\htm.gif --> wsw1.surftown.dk /zxcv1234/lblog.dk/admin/FCKeditor/editor/filemanager/browser/default/images/icons/32 htm.gif
105.06.11 13:42 B C:\Inetpub\wwwroot\Lblog\admin\FCKeditor\editor\filemanager\browser\default\images\icons\32\html.gif --> wsw1.surftown.dk /zxcv1234/lblog.dk/admin/FCKeditor/editor/filemanager/browser/default/images/icons/32 html.gif
105.06.11 13:42 B C:\Inetpub\wwwroot\Lblog\admin\FCKeditor\editor\filemanager\browser\default\images\icons\32\jpg.gif --> wsw1.surftown.dk /zxcv1234/lblog.dk/admin/FCKeditor/editor/filemanager/browser/default/images/icons/32 jpg.gif
105.06.11 13:42 B C:\Inetpub\wwwroot\Lblog\admin\FCKeditor\editor\filemanager\browser\default\images\icons\32\js.gif --> wsw1.surftown.dk /zxcv1234/lblog.dk/admin/FCKeditor/editor/filemanager/browser/default/images/icons/32 js.gif
105.06.11 13:42 B C:\Inetpub\wwwroot\Lblog\admin\FCKeditor\editor\filemanager\browser\default\images\icons\32\mdb.gif --> wsw1.surftown.dk /zxcv1234/lblog.dk/admin/FCKeditor/editor/filemanager/browser/default/images/icons/32 mdb.gif
105.06.11 13:42 B C:\Inetpub\wwwroot\Lblog\admin\FCKeditor\editor\filemanager\browser\default\images\icons\32\mp3.gif --> wsw1.surftown.dk /zxcv1234/lblog.dk/admin/FCKeditor/editor/filemanager/browser/default/images/icons/32 mp3.gif
105.06.11 13:42 B C:\Inetpub\wwwroot\Lblog\admin\FCKeditor\editor\filemanager\browser\default\images\icons\32\pdf.gif --> wsw1.surftown.dk /zxcv1234/lblog.dk/admin/FCKeditor/editor/filemanager/browser/default/images/icons/32 pdf.gif
105.06.11 13:42 B C:\Inetpub\wwwroot\Lblog\admin\FCKeditor\editor\filemanager\browser\default\images\icons\32\ppt.gif --> wsw1.surftown.dk /zxcv1234/lblog.dk/admin/FCKeditor/editor/filemanager/browser/default/images/icons/32 ppt.gif
105.06.11 13:42 B C:\Inetpub\wwwroot\Lblog\admin\FCKeditor\editor\filemanager\browser\default\images\icons\32\rdp.gif --> wsw1.surftown.dk /zxcv1234/lblog.dk/admin/FCKeditor/editor/filemanager/browser/default/images/icons/32 rdp.gif
105.06.11 13:42 B C:\Inetpub\wwwroot\Lblog\admin\FCKeditor\editor\filemanager\browser\default\images\icons\32\swf.gif --> wsw1.surftown.dk /zxcv1234/lblog.dk/admin/FCKeditor/editor/filemanager/browser/default/images/icons/32 swf.gif
105.06.11 13:42 B C:\Inetpub\wwwroot\Lblog\admin\FCKeditor\editor\filemanager\browser\default\images\icons\32\swt.gif --> wsw1.surftown.dk /zxcv1234/lblog.dk/admin/FCKeditor/editor/filemanager/browser/default/images/icons/32 swt.gif
105.06.11 13:42 B C:\Inetpub\wwwroot\Lblog\admin\FCKeditor\editor\filemanager\browser\default\images\icons\32\txt.gif --> wsw1.surftown.dk /zxcv1234/lblog.dk/admin/FCKeditor/editor/filemanager/browser/default/images/icons/32 txt.gif
105.06.11 13:42 B C:\Inetpub\wwwroot\Lblog\admin\FCKeditor\editor\filemanager\browser\default\images\icons\32\vsd.gif --> wsw1.surftown.dk /zxcv1234/lblog.dk/admin/FCKeditor/editor/filemanager/browser/default/images/icons/32 vsd.gif
105.06.11 13:42 B C:\Inetpub\wwwroot\Lblog\admin\FCKeditor\editor\filemanager\browser\default\images\icons\32\xls.gif --> wsw1.surftown.dk /zxcv1234/lblog.dk/admin/FCKeditor/editor/filemanager/browser/default/images/icons/32 xls.gif
105.06.11 13:42 B C:\Inetpub\wwwroot\Lblog\admin\FCKeditor\editor\filemanager\browser\default\images\icons\32\xml.gif --> wsw1.surftown.dk /zxcv1234/lblog.dk/admin/FCKeditor/editor/filemanager/browser/default/images/icons/32 xml.gif
105.06.11 13:42 B C:\Inetpub\wwwroot\Lblog\admin\FCKeditor\editor\filemanager\browser\default\images\icons\32\zip.gif --> wsw1.surftown.dk /zxcv1234/lblog.dk/admin/FCKeditor/editor/filemanager/browser/default/images/icons/32 zip.gif
