105.06.11 13:43 B C:\Inetpub\wwwroot\Lblog\admin\FCKeditor\editor\images\smiley\fun\aiua.gif --> wsw1.surftown.dk /zxcv1234/lblog.dk/admin/FCKeditor/editor/images/smiley/fun aiua.gif
105.06.11 13:43 B C:\Inetpub\wwwroot\Lblog\admin\FCKeditor\editor\images\smiley\fun\ak.gif --> wsw1.surftown.dk /zxcv1234/lblog.dk/admin/FCKeditor/editor/images/smiley/fun ak.gif
105.06.11 13:43 B C:\Inetpub\wwwroot\Lblog\admin\FCKeditor\editor\images\smiley\fun\alien.gif --> wsw1.surftown.dk /zxcv1234/lblog.dk/admin/FCKeditor/editor/images/smiley/fun alien.gif
105.06.11 13:43 B C:\Inetpub\wwwroot\Lblog\admin\FCKeditor\editor\images\smiley\fun\alien2.gif --> wsw1.surftown.dk /zxcv1234/lblog.dk/admin/FCKeditor/editor/images/smiley/fun alien2.gif
105.06.11 13:43 B C:\Inetpub\wwwroot\Lblog\admin\FCKeditor\editor\images\smiley\fun\angry.gif --> wsw1.surftown.dk /zxcv1234/lblog.dk/admin/FCKeditor/editor/images/smiley/fun angry.gif
105.06.11 13:43 B C:\Inetpub\wwwroot\Lblog\admin\FCKeditor\editor\images\smiley\fun\angry1.gif --> wsw1.surftown.dk /zxcv1234/lblog.dk/admin/FCKeditor/editor/images/smiley/fun angry1.gif
105.06.11 13:43 B C:\Inetpub\wwwroot\Lblog\admin\FCKeditor\editor\images\smiley\fun\apophys.gif --> wsw1.surftown.dk /zxcv1234/lblog.dk/admin/FCKeditor/editor/images/smiley/fun apophys.gif
105.06.11 13:43 B C:\Inetpub\wwwroot\Lblog\admin\FCKeditor\editor\images\smiley\fun\assjani.gif --> wsw1.surftown.dk /zxcv1234/lblog.dk/admin/FCKeditor/editor/images/smiley/fun assjani.gif
105.06.11 13:43 B C:\Inetpub\wwwroot\Lblog\admin\FCKeditor\editor\images\smiley\fun\asthanos.gif --> wsw1.surftown.dk /zxcv1234/lblog.dk/admin/FCKeditor/editor/images/smiley/fun asthanos.gif
105.06.11 13:43 B C:\Inetpub\wwwroot\Lblog\admin\FCKeditor\editor\images\smiley\fun\bazuzeus.gif --> wsw1.surftown.dk /zxcv1234/lblog.dk/admin/FCKeditor/editor/images/smiley/fun bazuzeus.gif
105.06.11 13:43 B C:\Inetpub\wwwroot\Lblog\admin\FCKeditor\editor\images\smiley\fun\beaute.gif --> wsw1.surftown.dk /zxcv1234/lblog.dk/admin/FCKeditor/editor/images/smiley/fun beaute.gif
105.06.11 13:43 B C:\Inetpub\wwwroot\Lblog\admin\FCKeditor\editor\images\smiley\fun\bigsmile.gif --> wsw1.surftown.dk /zxcv1234/lblog.dk/admin/FCKeditor/editor/images/smiley/fun bigsmile.gif
105.06.11 13:43 B C:\Inetpub\wwwroot\Lblog\admin\FCKeditor\editor\images\smiley\fun\blush.gif --> wsw1.surftown.dk /zxcv1234/lblog.dk/admin/FCKeditor/editor/images/smiley/fun blush.gif
105.06.11 13:43 B C:\Inetpub\wwwroot\Lblog\admin\FCKeditor\editor\images\smiley\fun\boid.gif --> wsw1.surftown.dk /zxcv1234/lblog.dk/admin/FCKeditor/editor/images/smiley/fun boid.gif
105.06.11 13:43 B C:\Inetpub\wwwroot\Lblog\admin\FCKeditor\editor\images\smiley\fun\bonk.gif --> wsw1.surftown.dk /zxcv1234/lblog.dk/admin/FCKeditor/editor/images/smiley/fun bonk.gif
105.06.11 13:43 B C:\Inetpub\wwwroot\Lblog\admin\FCKeditor\editor\images\smiley\fun\bored.gif --> wsw1.surftown.dk /zxcv1234/lblog.dk/admin/FCKeditor/editor/images/smiley/fun bored.gif
105.06.11 13:43 B C:\Inetpub\wwwroot\Lblog\admin\FCKeditor\editor\images\smiley\fun\borg.gif --> wsw1.surftown.dk /zxcv1234/lblog.dk/admin/FCKeditor/editor/images/smiley/fun borg.gif
105.06.11 13:43 B C:\Inetpub\wwwroot\Lblog\admin\FCKeditor\editor\images\smiley\fun\capo.gif --> wsw1.surftown.dk /zxcv1234/lblog.dk/admin/FCKeditor/editor/images/smiley/fun capo.gif
105.06.11 13:43 B C:\Inetpub\wwwroot\Lblog\admin\FCKeditor\editor\images\smiley\fun\confused.gif --> wsw1.surftown.dk /zxcv1234/lblog.dk/admin/FCKeditor/editor/images/smiley/fun confused.gif
105.06.11 13:43 B C:\Inetpub\wwwroot\Lblog\admin\FCKeditor\editor\images\smiley\fun\cool.gif --> wsw1.surftown.dk /zxcv1234/lblog.dk/admin/FCKeditor/editor/images/smiley/fun cool.gif
105.06.11 13:43 B C:\Inetpub\wwwroot\Lblog\admin\FCKeditor\editor\images\smiley\fun\crazy.gif --> wsw1.surftown.dk /zxcv1234/lblog.dk/admin/FCKeditor/editor/images/smiley/fun crazy.gif
105.06.11 13:43 B C:\Inetpub\wwwroot\Lblog\admin\FCKeditor\editor\images\smiley\fun\cwm14.gif --> wsw1.surftown.dk /zxcv1234/lblog.dk/admin/FCKeditor/editor/images/smiley/fun cwm14.gif
105.06.11 13:43 B C:\Inetpub\wwwroot\Lblog\admin\FCKeditor\editor\images\smiley\fun\demis_roussos.gif --> wsw1.surftown.dk /zxcv1234/lblog.dk/admin/FCKeditor/editor/images/smiley/fun demis_roussos.gif
105.06.11 13:43 B C:\Inetpub\wwwroot\Lblog\admin\FCKeditor\editor\images\smiley\fun\devil.gif --> wsw1.surftown.dk /zxcv1234/lblog.dk/admin/FCKeditor/editor/images/smiley/fun devil.gif
105.06.11 13:43 B C:\Inetpub\wwwroot\Lblog\admin\FCKeditor\editor\images\smiley\fun\devil2.gif --> wsw1.surftown.dk /zxcv1234/lblog.dk/admin/FCKeditor/editor/images/smiley/fun devil2.gif
105.06.11 13:43 B C:\Inetpub\wwwroot\Lblog\admin\FCKeditor\editor\images\smiley\fun\double0smile.gif --> wsw1.surftown.dk /zxcv1234/lblog.dk/admin/FCKeditor/editor/images/smiley/fun double0smile.gif
105.06.11 13:43 B C:\Inetpub\wwwroot\Lblog\admin\FCKeditor\editor\images\smiley\fun\eek3.gif --> wsw1.surftown.dk /zxcv1234/lblog.dk/admin/FCKeditor/editor/images/smiley/fun eek3.gif
105.06.11 13:43 B C:\Inetpub\wwwroot\Lblog\admin\FCKeditor\editor\images\smiley\fun\eltaf.gif --> wsw1.surftown.dk /zxcv1234/lblog.dk/admin/FCKeditor/editor/images/smiley/fun eltaf.gif
105.06.11 13:43 B C:\Inetpub\wwwroot\Lblog\admin\FCKeditor\editor\images\smiley\fun\gele.gif --> wsw1.surftown.dk /zxcv1234/lblog.dk/admin/FCKeditor/editor/images/smiley/fun gele.gif
105.06.11 13:43 B C:\Inetpub\wwwroot\Lblog\admin\FCKeditor\editor\images\smiley\fun\halm.gif --> wsw1.surftown.dk /zxcv1234/lblog.dk/admin/FCKeditor/editor/images/smiley/fun halm.gif
105.06.11 13:43 B C:\Inetpub\wwwroot\Lblog\admin\FCKeditor\editor\images\smiley\fun\happy.gif --> wsw1.surftown.dk /zxcv1234/lblog.dk/admin/FCKeditor/editor/images/smiley/fun happy.gif
105.06.11 13:43 B C:\Inetpub\wwwroot\Lblog\admin\FCKeditor\editor\images\smiley\fun\icon12.gif --> wsw1.surftown.dk /zxcv1234/lblog.dk/admin/FCKeditor/editor/images/smiley/fun icon12.gif
105.06.11 13:43 B C:\Inetpub\wwwroot\Lblog\admin\FCKeditor\editor\images\smiley\fun\icon23.gif --> wsw1.surftown.dk /zxcv1234/lblog.dk/admin/FCKeditor/editor/images/smiley/fun icon23.gif
105.06.11 13:43 B C:\Inetpub\wwwroot\Lblog\admin\FCKeditor\editor\images\smiley\fun\icon26.gif --> wsw1.surftown.dk /zxcv1234/lblog.dk/admin/FCKeditor/editor/images/smiley/fun icon26.gif
105.06.11 13:43 B C:\Inetpub\wwwroot\Lblog\admin\FCKeditor\editor\images\smiley\fun\icon_angel.gif --> wsw1.surftown.dk /zxcv1234/lblog.dk/admin/FCKeditor/editor/images/smiley/fun icon_angel.gif
105.06.11 13:43 B C:\Inetpub\wwwroot\Lblog\admin\FCKeditor\editor\images\smiley\fun\icon_bandit.gif --> wsw1.surftown.dk /zxcv1234/lblog.dk/admin/FCKeditor/editor/images/smiley/fun icon_bandit.gif
105.06.11 13:43 B C:\Inetpub\wwwroot\Lblog\admin\FCKeditor\editor\images\smiley\fun\icon_bravo.gif --> wsw1.surftown.dk /zxcv1234/lblog.dk/admin/FCKeditor/editor/images/smiley/fun icon_bravo.gif
105.06.11 13:43 B C:\Inetpub\wwwroot\Lblog\admin\FCKeditor\editor\images\smiley\fun\icon_clown.gif --> wsw1.surftown.dk /zxcv1234/lblog.dk/admin/FCKeditor/editor/images/smiley/fun icon_clown.gif
105.06.11 13:43 B C:\Inetpub\wwwroot\Lblog\admin\FCKeditor\editor\images\smiley\fun\jesors.gif --> wsw1.surftown.dk /zxcv1234/lblog.dk/admin/FCKeditor/editor/images/smiley/fun jesors.gif
105.06.11 13:43 B C:\Inetpub\wwwroot\Lblog\admin\FCKeditor\editor\images\smiley\fun\jesors1.gif --> wsw1.surftown.dk /zxcv1234/lblog.dk/admin/FCKeditor/editor/images/smiley/fun jesors1.gif
105.06.11 13:43 B C:\Inetpub\wwwroot\Lblog\admin\FCKeditor\editor\images\smiley\fun\lol3.gif --> wsw1.surftown.dk /zxcv1234/lblog.dk/admin/FCKeditor/editor/images/smiley/fun lol3.gif
105.06.11 13:43 B C:\Inetpub\wwwroot\Lblog\admin\FCKeditor\editor\images\smiley\fun\love.gif --> wsw1.surftown.dk /zxcv1234/lblog.dk/admin/FCKeditor/editor/images/smiley/fun love.gif
105.06.11 13:43 B C:\Inetpub\wwwroot\Lblog\admin\FCKeditor\editor\images\smiley\fun\mad.gif --> wsw1.surftown.dk /zxcv1234/lblog.dk/admin/FCKeditor/editor/images/smiley/fun mad.gif
105.06.11 13:43 B C:\Inetpub\wwwroot\Lblog\admin\FCKeditor\editor\images\smiley\fun\megaphone.gif --> wsw1.surftown.dk /zxcv1234/lblog.dk/admin/FCKeditor/editor/images/smiley/fun megaphone.gif
105.06.11 13:43 B C:\Inetpub\wwwroot\Lblog\admin\FCKeditor\editor\images\smiley\fun\mmm.gif --> wsw1.surftown.dk /zxcv1234/lblog.dk/admin/FCKeditor/editor/images/smiley/fun mmm.gif
105.06.11 13:43 B C:\Inetpub\wwwroot\Lblog\admin\FCKeditor\editor\images\smiley\fun\music.gif --> wsw1.surftown.dk /zxcv1234/lblog.dk/admin/FCKeditor/editor/images/smiley/fun music.gif
105.06.11 13:43 B C:\Inetpub\wwwroot\Lblog\admin\FCKeditor\editor\images\smiley\fun\notify.gif --> wsw1.surftown.dk /zxcv1234/lblog.dk/admin/FCKeditor/editor/images/smiley/fun notify.gif
105.06.11 13:43 B C:\Inetpub\wwwroot\Lblog\admin\FCKeditor\editor\images\smiley\fun\nuts.gif --> wsw1.surftown.dk /zxcv1234/lblog.dk/admin/FCKeditor/editor/images/smiley/fun nuts.gif
105.06.11 13:43 B C:\Inetpub\wwwroot\Lblog\admin\FCKeditor\editor\images\smiley\fun\obanon.gif --> wsw1.surftown.dk /zxcv1234/lblog.dk/admin/FCKeditor/editor/images/smiley/fun obanon.gif
105.06.11 13:43 B C:\Inetpub\wwwroot\Lblog\admin\FCKeditor\editor\images\smiley\fun\ouaip.gif --> wsw1.surftown.dk /zxcv1234/lblog.dk/admin/FCKeditor/editor/images/smiley/fun ouaip.gif
105.06.11 13:43 B C:\Inetpub\wwwroot\Lblog\admin\FCKeditor\editor\images\smiley\fun\pleure.gif --> wsw1.surftown.dk /zxcv1234/lblog.dk/admin/FCKeditor/editor/images/smiley/fun pleure.gif
105.06.11 13:43 B C:\Inetpub\wwwroot\Lblog\admin\FCKeditor\editor\images\smiley\fun\plugin.gif --> wsw1.surftown.dk /zxcv1234/lblog.dk/admin/FCKeditor/editor/images/smiley/fun plugin.gif
105.06.11 13:43 B C:\Inetpub\wwwroot\Lblog\admin\FCKeditor\editor\images\smiley\fun\question.gif --> wsw1.surftown.dk /zxcv1234/lblog.dk/admin/FCKeditor/editor/images/smiley/fun question.gif
105.06.11 13:43 B C:\Inetpub\wwwroot\Lblog\admin\FCKeditor\editor\images\smiley\fun\question2.gif --> wsw1.surftown.dk /zxcv1234/lblog.dk/admin/FCKeditor/editor/images/smiley/fun question2.gif
105.06.11 13:43 B C:\Inetpub\wwwroot\Lblog\admin\FCKeditor\editor\images\smiley\fun\rasta2.gif --> wsw1.surftown.dk /zxcv1234/lblog.dk/admin/FCKeditor/editor/images/smiley/fun rasta2.gif
105.06.11 13:43 B C:\Inetpub\wwwroot\Lblog\admin\FCKeditor\editor\images\smiley\fun\rastapop.gif --> wsw1.surftown.dk /zxcv1234/lblog.dk/admin/FCKeditor/editor/images/smiley/fun rastapop.gif
105.06.11 13:43 B C:\Inetpub\wwwroot\Lblog\admin\FCKeditor\editor\images\smiley\fun\rosebud.gif --> wsw1.surftown.dk /zxcv1234/lblog.dk/admin/FCKeditor/editor/images/smiley/fun rosebud.gif
105.06.11 13:43 B C:\Inetpub\wwwroot\Lblog\admin\FCKeditor\editor\images\smiley\fun\sad.gif --> wsw1.surftown.dk /zxcv1234/lblog.dk/admin/FCKeditor/editor/images/smiley/fun sad.gif
105.06.11 13:43 B C:\Inetpub\wwwroot\Lblog\admin\FCKeditor\editor\images\smiley\fun\sad2.gif --> wsw1.surftown.dk /zxcv1234/lblog.dk/admin/FCKeditor/editor/images/smiley/fun sad2.gif
105.06.11 13:43 B C:\Inetpub\wwwroot\Lblog\admin\FCKeditor\editor\images\smiley\fun\shocked.gif --> wsw1.surftown.dk /zxcv1234/lblog.dk/admin/FCKeditor/editor/images/smiley/fun shocked.gif
105.06.11 13:43 B C:\Inetpub\wwwroot\Lblog\admin\FCKeditor\editor\images\smiley\fun\sick.gif --> wsw1.surftown.dk /zxcv1234/lblog.dk/admin/FCKeditor/editor/images/smiley/fun sick.gif
105.06.11 13:43 B C:\Inetpub\wwwroot\Lblog\admin\FCKeditor\editor\images\smiley\fun\sick2.gif --> wsw1.surftown.dk /zxcv1234/lblog.dk/admin/FCKeditor/editor/images/smiley/fun sick2.gif
105.06.11 13:43 B C:\Inetpub\wwwroot\Lblog\admin\FCKeditor\editor\images\smiley\fun\slaap.gif --> wsw1.surftown.dk /zxcv1234/lblog.dk/admin/FCKeditor/editor/images/smiley/fun slaap.gif
105.06.11 13:43 B C:\Inetpub\wwwroot\Lblog\admin\FCKeditor\editor\images\smiley\fun\sleep.gif --> wsw1.surftown.dk /zxcv1234/lblog.dk/admin/FCKeditor/editor/images/smiley/fun sleep.gif
105.06.11 13:43 B C:\Inetpub\wwwroot\Lblog\admin\FCKeditor\editor\images\smiley\fun\smile.gif --> wsw1.surftown.dk /zxcv1234/lblog.dk/admin/FCKeditor/editor/images/smiley/fun smile.gif
105.06.11 13:43 B C:\Inetpub\wwwroot\Lblog\admin\FCKeditor\editor\images\smiley\fun\smiley_peur.gif --> wsw1.surftown.dk /zxcv1234/lblog.dk/admin/FCKeditor/editor/images/smiley/fun smiley_peur.gif
105.06.11 13:43 B C:\Inetpub\wwwroot\Lblog\admin\FCKeditor\editor\images\smiley\fun\sors.gif --> wsw1.surftown.dk /zxcv1234/lblog.dk/admin/FCKeditor/editor/images/smiley/fun sors.gif
105.06.11 13:43 B C:\Inetpub\wwwroot\Lblog\admin\FCKeditor\editor\images\smiley\fun\sovxx.gif --> wsw1.surftown.dk /zxcv1234/lblog.dk/admin/FCKeditor/editor/images/smiley/fun sovxx.gif
105.06.11 13:43 B C:\Inetpub\wwwroot\Lblog\admin\FCKeditor\editor\images\smiley\fun\spamafote.gif --> wsw1.surftown.dk /zxcv1234/lblog.dk/admin/FCKeditor/editor/images/smiley/fun spamafote.gif
105.06.11 13:43 B C:\Inetpub\wwwroot\Lblog\admin\FCKeditor\editor\images\smiley\fun\tap67.gif --> wsw1.surftown.dk /zxcv1234/lblog.dk/admin/FCKeditor/editor/images/smiley/fun tap67.gif
105.06.11 13:43 B C:\Inetpub\wwwroot\Lblog\admin\FCKeditor\editor\images\smiley\fun\thumbdown.gif --> wsw1.surftown.dk /zxcv1234/lblog.dk/admin/FCKeditor/editor/images/smiley/fun thumbdown.gif
105.06.11 13:43 B C:\Inetpub\wwwroot\Lblog\admin\FCKeditor\editor\images\smiley\fun\thumbup.gif --> wsw1.surftown.dk /zxcv1234/lblog.dk/admin/FCKeditor/editor/images/smiley/fun thumbup.gif
105.06.11 13:43 B C:\Inetpub\wwwroot\Lblog\admin\FCKeditor\editor\images\smiley\fun\tigi.gif --> wsw1.surftown.dk /zxcv1234/lblog.dk/admin/FCKeditor/editor/images/smiley/fun tigi.gif
105.06.11 13:43 B C:\Inetpub\wwwroot\Lblog\admin\FCKeditor\editor\images\smiley\fun\toad666.gif --> wsw1.surftown.dk /zxcv1234/lblog.dk/admin/FCKeditor/editor/images/smiley/fun toad666.gif
105.06.11 13:43 B C:\Inetpub\wwwroot\Lblog\admin\FCKeditor\editor\images\smiley\fun\tongue.gif --> wsw1.surftown.dk /zxcv1234/lblog.dk/admin/FCKeditor/editor/images/smiley/fun tongue.gif
105.06.11 13:43 B C:\Inetpub\wwwroot\Lblog\admin\FCKeditor\editor\images\smiley\fun\tuffgong.gif --> wsw1.surftown.dk /zxcv1234/lblog.dk/admin/FCKeditor/editor/images/smiley/fun tuffgong.gif
105.06.11 13:43 B C:\Inetpub\wwwroot\Lblog\admin\FCKeditor\editor\images\smiley\fun\urgeman.gif --> wsw1.surftown.dk /zxcv1234/lblog.dk/admin/FCKeditor/editor/images/smiley/fun urgeman.gif
105.06.11 13:43 B C:\Inetpub\wwwroot\Lblog\admin\FCKeditor\editor\images\smiley\fun\vanadium.gif --> wsw1.surftown.dk /zxcv1234/lblog.dk/admin/FCKeditor/editor/images/smiley/fun vanadium.gif
105.06.11 13:43 B C:\Inetpub\wwwroot\Lblog\admin\FCKeditor\editor\images\smiley\fun\wink.gif --> wsw1.surftown.dk /zxcv1234/lblog.dk/admin/FCKeditor/editor/images/smiley/fun wink.gif
105.06.11 13:43 B C:\Inetpub\wwwroot\Lblog\admin\FCKeditor\editor\images\smiley\fun\worship.gif --> wsw1.surftown.dk /zxcv1234/lblog.dk/admin/FCKeditor/editor/images/smiley/fun worship.gif
105.06.11 13:43 B C:\Inetpub\wwwroot\Lblog\admin\FCKeditor\editor\images\smiley\fun\wouaf.gif --> wsw1.surftown.dk /zxcv1234/lblog.dk/admin/FCKeditor/editor/images/smiley/fun wouaf.gif
105.06.11 13:43 B C:\Inetpub\wwwroot\Lblog\admin\FCKeditor\editor\images\smiley\fun\wow.gif --> wsw1.surftown.dk /zxcv1234/lblog.dk/admin/FCKeditor/editor/images/smiley/fun wow.gif
105.06.11 13:43 B C:\Inetpub\wwwroot\Lblog\admin\FCKeditor\editor\images\smiley\fun\xp1700.gif --> wsw1.surftown.dk /zxcv1234/lblog.dk/admin/FCKeditor/editor/images/smiley/fun xp1700.gif
105.06.11 13:43 B C:\Inetpub\wwwroot\Lblog\admin\FCKeditor\editor\images\smiley\fun\yltype.gif --> wsw1.surftown.dk /zxcv1234/lblog.dk/admin/FCKeditor/editor/images/smiley/fun yltype.gif
105.06.11 13:43 B C:\Inetpub\wwwroot\Lblog\admin\FCKeditor\editor\images\smiley\fun\yopyopyop.gif --> wsw1.surftown.dk /zxcv1234/lblog.dk/admin/FCKeditor/editor/images/smiley/fun yopyopyop.gif
105.06.11 13:43 B C:\Inetpub\wwwroot\Lblog\admin\FCKeditor\editor\images\smiley\fun\youpi.gif --> wsw1.surftown.dk /zxcv1234/lblog.dk/admin/FCKeditor/editor/images/smiley/fun youpi.gif
105.06.11 13:43 B C:\Inetpub\wwwroot\Lblog\admin\FCKeditor\editor\images\smiley\fun\zoor.gif --> wsw1.surftown.dk /zxcv1234/lblog.dk/admin/FCKeditor/editor/images/smiley/fun zoor.gif
