105.06.11 13:44 B C:\Inetpub\wwwroot\Lblog\admin\FCKeditor\editor\skins\office2003\toolbar\about.gif --> wsw1.surftown.dk /zxcv1234/lblog.dk/admin/FCKeditor/editor/skins/office2003/toolbar about.gif
105.06.11 13:44 B C:\Inetpub\wwwroot\Lblog\admin\FCKeditor\editor\skins\office2003\toolbar\anchor.gif --> wsw1.surftown.dk /zxcv1234/lblog.dk/admin/FCKeditor/editor/skins/office2003/toolbar anchor.gif
105.06.11 13:44 B C:\Inetpub\wwwroot\Lblog\admin\FCKeditor\editor\skins\office2003\toolbar\bgcolor.gif --> wsw1.surftown.dk /zxcv1234/lblog.dk/admin/FCKeditor/editor/skins/office2003/toolbar bgcolor.gif
105.06.11 13:44 B C:\Inetpub\wwwroot\Lblog\admin\FCKeditor\editor\skins\office2003\toolbar\bold.gif --> wsw1.surftown.dk /zxcv1234/lblog.dk/admin/FCKeditor/editor/skins/office2003/toolbar bold.gif
105.06.11 13:44 B C:\Inetpub\wwwroot\Lblog\admin\FCKeditor\editor\skins\office2003\toolbar\bulletedlist.gif --> wsw1.surftown.dk /zxcv1234/lblog.dk/admin/FCKeditor/editor/skins/office2003/toolbar bulletedlist.gif
105.06.11 13:44 B C:\Inetpub\wwwroot\Lblog\admin\FCKeditor\editor\skins\office2003\toolbar\button.gif --> wsw1.surftown.dk /zxcv1234/lblog.dk/admin/FCKeditor/editor/skins/office2003/toolbar button.gif
105.06.11 13:44 B C:\Inetpub\wwwroot\Lblog\admin\FCKeditor\editor\skins\office2003\toolbar\checkbox.gif --> wsw1.surftown.dk /zxcv1234/lblog.dk/admin/FCKeditor/editor/skins/office2003/toolbar checkbox.gif
105.06.11 13:44 B C:\Inetpub\wwwroot\Lblog\admin\FCKeditor\editor\skins\office2003\toolbar\copy.gif --> wsw1.surftown.dk /zxcv1234/lblog.dk/admin/FCKeditor/editor/skins/office2003/toolbar copy.gif
105.06.11 13:44 B C:\Inetpub\wwwroot\Lblog\admin\FCKeditor\editor\skins\office2003\toolbar\cut.gif --> wsw1.surftown.dk /zxcv1234/lblog.dk/admin/FCKeditor/editor/skins/office2003/toolbar cut.gif
105.06.11 13:44 B C:\Inetpub\wwwroot\Lblog\admin\FCKeditor\editor\skins\office2003\toolbar\docprops.gif --> wsw1.surftown.dk /zxcv1234/lblog.dk/admin/FCKeditor/editor/skins/office2003/toolbar docprops.gif
105.06.11 13:44 B C:\Inetpub\wwwroot\Lblog\admin\FCKeditor\editor\skins\office2003\toolbar\find.gif --> wsw1.surftown.dk /zxcv1234/lblog.dk/admin/FCKeditor/editor/skins/office2003/toolbar find.gif
105.06.11 13:44 B C:\Inetpub\wwwroot\Lblog\admin\FCKeditor\editor\skins\office2003\toolbar\flash.gif --> wsw1.surftown.dk /zxcv1234/lblog.dk/admin/FCKeditor/editor/skins/office2003/toolbar flash.gif
105.06.11 13:44 B C:\Inetpub\wwwroot\Lblog\admin\FCKeditor\editor\skins\office2003\toolbar\fontstyleadv.gif --> wsw1.surftown.dk /zxcv1234/lblog.dk/admin/FCKeditor/editor/skins/office2003/toolbar fontstyleadv.gif
105.06.11 13:44 B C:\Inetpub\wwwroot\Lblog\admin\FCKeditor\editor\skins\office2003\toolbar\form.gif --> wsw1.surftown.dk /zxcv1234/lblog.dk/admin/FCKeditor/editor/skins/office2003/toolbar form.gif
105.06.11 13:44 B C:\Inetpub\wwwroot\Lblog\admin\FCKeditor\editor\skins\office2003\toolbar\hidden.gif --> wsw1.surftown.dk /zxcv1234/lblog.dk/admin/FCKeditor/editor/skins/office2003/toolbar hidden.gif
105.06.11 13:44 B C:\Inetpub\wwwroot\Lblog\admin\FCKeditor\editor\skins\office2003\toolbar\hiddenfield.gif --> wsw1.surftown.dk /zxcv1234/lblog.dk/admin/FCKeditor/editor/skins/office2003/toolbar hiddenfield.gif
105.06.11 13:44 B C:\Inetpub\wwwroot\Lblog\admin\FCKeditor\editor\skins\office2003\toolbar\image.gif --> wsw1.surftown.dk /zxcv1234/lblog.dk/admin/FCKeditor/editor/skins/office2003/toolbar image.gif
105.06.11 13:44 B C:\Inetpub\wwwroot\Lblog\admin\FCKeditor\editor\skins\office2003\toolbar\imagebutton.gif --> wsw1.surftown.dk /zxcv1234/lblog.dk/admin/FCKeditor/editor/skins/office2003/toolbar imagebutton.gif
105.06.11 13:44 B C:\Inetpub\wwwroot\Lblog\admin\FCKeditor\editor\skins\office2003\toolbar\indent.gif --> wsw1.surftown.dk /zxcv1234/lblog.dk/admin/FCKeditor/editor/skins/office2003/toolbar indent.gif
105.06.11 13:44 B C:\Inetpub\wwwroot\Lblog\admin\FCKeditor\editor\skins\office2003\toolbar\input.gif --> wsw1.surftown.dk /zxcv1234/lblog.dk/admin/FCKeditor/editor/skins/office2003/toolbar input.gif
105.06.11 13:44 B C:\Inetpub\wwwroot\Lblog\admin\FCKeditor\editor\skins\office2003\toolbar\inserthorizontalrule.gif --> wsw1.surftown.dk /zxcv1234/lblog.dk/admin/FCKeditor/editor/skins/office2003/toolbar inserthorizontalrule.gif
105.06.11 13:44 B C:\Inetpub\wwwroot\Lblog\admin\FCKeditor\editor\skins\office2003\toolbar\insertorderedlist.gif --> wsw1.surftown.dk /zxcv1234/lblog.dk/admin/FCKeditor/editor/skins/office2003/toolbar insertorderedlist.gif
105.06.11 13:44 B C:\Inetpub\wwwroot\Lblog\admin\FCKeditor\editor\skins\office2003\toolbar\insertunorderedlist.gif --> wsw1.surftown.dk /zxcv1234/lblog.dk/admin/FCKeditor/editor/skins/office2003/toolbar insertunorderedlist.gif
105.06.11 13:44 B C:\Inetpub\wwwroot\Lblog\admin\FCKeditor\editor\skins\office2003\toolbar\italic.gif --> wsw1.surftown.dk /zxcv1234/lblog.dk/admin/FCKeditor/editor/skins/office2003/toolbar italic.gif
105.06.11 13:44 B C:\Inetpub\wwwroot\Lblog\admin\FCKeditor\editor\skins\office2003\toolbar\justifycenter.gif --> wsw1.surftown.dk /zxcv1234/lblog.dk/admin/FCKeditor/editor/skins/office2003/toolbar justifycenter.gif
105.06.11 13:44 B C:\Inetpub\wwwroot\Lblog\admin\FCKeditor\editor\skins\office2003\toolbar\justifyfull.gif --> wsw1.surftown.dk /zxcv1234/lblog.dk/admin/FCKeditor/editor/skins/office2003/toolbar justifyfull.gif
105.06.11 13:44 B C:\Inetpub\wwwroot\Lblog\admin\FCKeditor\editor\skins\office2003\toolbar\justifyleft.gif --> wsw1.surftown.dk /zxcv1234/lblog.dk/admin/FCKeditor/editor/skins/office2003/toolbar justifyleft.gif
105.06.11 13:44 B C:\Inetpub\wwwroot\Lblog\admin\FCKeditor\editor\skins\office2003\toolbar\justifyright.gif --> wsw1.surftown.dk /zxcv1234/lblog.dk/admin/FCKeditor/editor/skins/office2003/toolbar justifyright.gif
105.06.11 13:44 B C:\Inetpub\wwwroot\Lblog\admin\FCKeditor\editor\skins\office2003\toolbar\link.gif --> wsw1.surftown.dk /zxcv1234/lblog.dk/admin/FCKeditor/editor/skins/office2003/toolbar link.gif
105.06.11 13:44 B C:\Inetpub\wwwroot\Lblog\admin\FCKeditor\editor\skins\office2003\toolbar\mail.gif --> wsw1.surftown.dk /zxcv1234/lblog.dk/admin/FCKeditor/editor/skins/office2003/toolbar mail.gif
105.06.11 13:44 B C:\Inetpub\wwwroot\Lblog\admin\FCKeditor\editor\skins\office2003\toolbar\new.gif --> wsw1.surftown.dk /zxcv1234/lblog.dk/admin/FCKeditor/editor/skins/office2003/toolbar new.gif
105.06.11 13:44 B C:\Inetpub\wwwroot\Lblog\admin\FCKeditor\editor\skins\office2003\toolbar\newpage.gif --> wsw1.surftown.dk /zxcv1234/lblog.dk/admin/FCKeditor/editor/skins/office2003/toolbar newpage.gif
105.06.11 13:44 B C:\Inetpub\wwwroot\Lblog\admin\FCKeditor\editor\skins\office2003\toolbar\numberedlist.gif --> wsw1.surftown.dk /zxcv1234/lblog.dk/admin/FCKeditor/editor/skins/office2003/toolbar numberedlist.gif
105.06.11 13:44 B C:\Inetpub\wwwroot\Lblog\admin\FCKeditor\editor\skins\office2003\toolbar\open.gif --> wsw1.surftown.dk /zxcv1234/lblog.dk/admin/FCKeditor/editor/skins/office2003/toolbar open.gif
105.06.11 13:44 B C:\Inetpub\wwwroot\Lblog\admin\FCKeditor\editor\skins\office2003\toolbar\outdent.gif --> wsw1.surftown.dk /zxcv1234/lblog.dk/admin/FCKeditor/editor/skins/office2003/toolbar outdent.gif
105.06.11 13:44 B C:\Inetpub\wwwroot\Lblog\admin\FCKeditor\editor\skins\office2003\toolbar\paste.gif --> wsw1.surftown.dk /zxcv1234/lblog.dk/admin/FCKeditor/editor/skins/office2003/toolbar paste.gif
105.06.11 13:44 B C:\Inetpub\wwwroot\Lblog\admin\FCKeditor\editor\skins\office2003\toolbar\pastetext.gif --> wsw1.surftown.dk /zxcv1234/lblog.dk/admin/FCKeditor/editor/skins/office2003/toolbar pastetext.gif
105.06.11 13:44 B C:\Inetpub\wwwroot\Lblog\admin\FCKeditor\editor\skins\office2003\toolbar\pasteword.gif --> wsw1.surftown.dk /zxcv1234/lblog.dk/admin/FCKeditor/editor/skins/office2003/toolbar pasteword.gif
105.06.11 13:44 B C:\Inetpub\wwwroot\Lblog\admin\FCKeditor\editor\skins\office2003\toolbar\preview.gif --> wsw1.surftown.dk /zxcv1234/lblog.dk/admin/FCKeditor/editor/skins/office2003/toolbar preview.gif
105.06.11 13:44 B C:\Inetpub\wwwroot\Lblog\admin\FCKeditor\editor\skins\office2003\toolbar\print.gif --> wsw1.surftown.dk /zxcv1234/lblog.dk/admin/FCKeditor/editor/skins/office2003/toolbar print.gif
105.06.11 13:44 B C:\Inetpub\wwwroot\Lblog\admin\FCKeditor\editor\skins\office2003\toolbar\radio.gif --> wsw1.surftown.dk /zxcv1234/lblog.dk/admin/FCKeditor/editor/skins/office2003/toolbar radio.gif
105.06.11 13:44 B C:\Inetpub\wwwroot\Lblog\admin\FCKeditor\editor\skins\office2003\toolbar\redo.gif --> wsw1.surftown.dk /zxcv1234/lblog.dk/admin/FCKeditor/editor/skins/office2003/toolbar redo.gif
105.06.11 13:44 B C:\Inetpub\wwwroot\Lblog\admin\FCKeditor\editor\skins\office2003\toolbar\removeformat.gif --> wsw1.surftown.dk /zxcv1234/lblog.dk/admin/FCKeditor/editor/skins/office2003/toolbar removeformat.gif
105.06.11 13:44 B C:\Inetpub\wwwroot\Lblog\admin\FCKeditor\editor\skins\office2003\toolbar\replace.gif --> wsw1.surftown.dk /zxcv1234/lblog.dk/admin/FCKeditor/editor/skins/office2003/toolbar replace.gif
105.06.11 13:44 B C:\Inetpub\wwwroot\Lblog\admin\FCKeditor\editor\skins\office2003\toolbar\save.gif --> wsw1.surftown.dk /zxcv1234/lblog.dk/admin/FCKeditor/editor/skins/office2003/toolbar save.gif
105.06.11 13:44 B C:\Inetpub\wwwroot\Lblog\admin\FCKeditor\editor\skins\office2003\toolbar\select.gif --> wsw1.surftown.dk /zxcv1234/lblog.dk/admin/FCKeditor/editor/skins/office2003/toolbar select.gif
105.06.11 13:44 B C:\Inetpub\wwwroot\Lblog\admin\FCKeditor\editor\skins\office2003\toolbar\selectall.gif --> wsw1.surftown.dk /zxcv1234/lblog.dk/admin/FCKeditor/editor/skins/office2003/toolbar selectall.gif
105.06.11 13:44 B C:\Inetpub\wwwroot\Lblog\admin\FCKeditor\editor\skins\office2003\toolbar\showdetails.gif --> wsw1.surftown.dk /zxcv1234/lblog.dk/admin/FCKeditor/editor/skins/office2003/toolbar showdetails.gif
105.06.11 13:44 B C:\Inetpub\wwwroot\Lblog\admin\FCKeditor\editor\skins\office2003\toolbar\showtableborders.gif --> wsw1.surftown.dk /zxcv1234/lblog.dk/admin/FCKeditor/editor/skins/office2003/toolbar showtableborders.gif
105.06.11 13:44 B C:\Inetpub\wwwroot\Lblog\admin\FCKeditor\editor\skins\office2003\toolbar\smiley.gif --> wsw1.surftown.dk /zxcv1234/lblog.dk/admin/FCKeditor/editor/skins/office2003/toolbar smiley.gif
105.06.11 13:44 B C:\Inetpub\wwwroot\Lblog\admin\FCKeditor\editor\skins\office2003\toolbar\source.gif --> wsw1.surftown.dk /zxcv1234/lblog.dk/admin/FCKeditor/editor/skins/office2003/toolbar source.gif
105.06.11 13:44 B C:\Inetpub\wwwroot\Lblog\admin\FCKeditor\editor\skins\office2003\toolbar\specialchar.gif --> wsw1.surftown.dk /zxcv1234/lblog.dk/admin/FCKeditor/editor/skins/office2003/toolbar specialchar.gif
105.06.11 13:44 B C:\Inetpub\wwwroot\Lblog\admin\FCKeditor\editor\skins\office2003\toolbar\spellcheck.gif --> wsw1.surftown.dk /zxcv1234/lblog.dk/admin/FCKeditor/editor/skins/office2003/toolbar spellcheck.gif
105.06.11 13:44 B C:\Inetpub\wwwroot\Lblog\admin\FCKeditor\editor\skins\office2003\toolbar\strikethrough.gif --> wsw1.surftown.dk /zxcv1234/lblog.dk/admin/FCKeditor/editor/skins/office2003/toolbar strikethrough.gif
105.06.11 13:44 B C:\Inetpub\wwwroot\Lblog\admin\FCKeditor\editor\skins\office2003\toolbar\subscript.gif --> wsw1.surftown.dk /zxcv1234/lblog.dk/admin/FCKeditor/editor/skins/office2003/toolbar subscript.gif
105.06.11 13:44 B C:\Inetpub\wwwroot\Lblog\admin\FCKeditor\editor\skins\office2003\toolbar\superscript.gif --> wsw1.surftown.dk /zxcv1234/lblog.dk/admin/FCKeditor/editor/skins/office2003/toolbar superscript.gif
105.06.11 13:44 B C:\Inetpub\wwwroot\Lblog\admin\FCKeditor\editor\skins\office2003\toolbar\table.gif --> wsw1.surftown.dk /zxcv1234/lblog.dk/admin/FCKeditor/editor/skins/office2003/toolbar table.gif
105.06.11 13:44 B C:\Inetpub\wwwroot\Lblog\admin\FCKeditor\editor\skins\office2003\toolbar\tablecell.gif --> wsw1.surftown.dk /zxcv1234/lblog.dk/admin/FCKeditor/editor/skins/office2003/toolbar tablecell.gif
105.06.11 13:44 B C:\Inetpub\wwwroot\Lblog\admin\FCKeditor\editor\skins\office2003\toolbar\tabledeletecells.gif --> wsw1.surftown.dk /zxcv1234/lblog.dk/admin/FCKeditor/editor/skins/office2003/toolbar tabledeletecells.gif
105.06.11 13:44 B C:\Inetpub\wwwroot\Lblog\admin\FCKeditor\editor\skins\office2003\toolbar\tabledeletecolumns.gif --> wsw1.surftown.dk /zxcv1234/lblog.dk/admin/FCKeditor/editor/skins/office2003/toolbar tabledeletecolumns.gif
105.06.11 13:44 B C:\Inetpub\wwwroot\Lblog\admin\FCKeditor\editor\skins\office2003\toolbar\tabledeleterows.gif --> wsw1.surftown.dk /zxcv1234/lblog.dk/admin/FCKeditor/editor/skins/office2003/toolbar tabledeleterows.gif
105.06.11 13:44 B C:\Inetpub\wwwroot\Lblog\admin\FCKeditor\editor\skins\office2003\toolbar\tableinsertcell.gif --> wsw1.surftown.dk /zxcv1234/lblog.dk/admin/FCKeditor/editor/skins/office2003/toolbar tableinsertcell.gif
105.06.11 13:44 B C:\Inetpub\wwwroot\Lblog\admin\FCKeditor\editor\skins\office2003\toolbar\tableinsertcolumn.gif --> wsw1.surftown.dk /zxcv1234/lblog.dk/admin/FCKeditor/editor/skins/office2003/toolbar tableinsertcolumn.gif
105.06.11 13:44 B C:\Inetpub\wwwroot\Lblog\admin\FCKeditor\editor\skins\office2003\toolbar\tableinsertrow.gif --> wsw1.surftown.dk /zxcv1234/lblog.dk/admin/FCKeditor/editor/skins/office2003/toolbar tableinsertrow.gif
105.06.11 13:44 B C:\Inetpub\wwwroot\Lblog\admin\FCKeditor\editor\skins\office2003\toolbar\tablemergecells.gif --> wsw1.surftown.dk /zxcv1234/lblog.dk/admin/FCKeditor/editor/skins/office2003/toolbar tablemergecells.gif
105.06.11 13:44 B C:\Inetpub\wwwroot\Lblog\admin\FCKeditor\editor\skins\office2003\toolbar\tablesplitcell.gif --> wsw1.surftown.dk /zxcv1234/lblog.dk/admin/FCKeditor/editor/skins/office2003/toolbar tablesplitcell.gif
105.06.11 13:44 B C:\Inetpub\wwwroot\Lblog\admin\FCKeditor\editor\skins\office2003\toolbar\templates.gif --> wsw1.surftown.dk /zxcv1234/lblog.dk/admin/FCKeditor/editor/skins/office2003/toolbar templates.gif
105.06.11 13:44 B C:\Inetpub\wwwroot\Lblog\admin\FCKeditor\editor\skins\office2003\toolbar\textarea.gif --> wsw1.surftown.dk /zxcv1234/lblog.dk/admin/FCKeditor/editor/skins/office2003/toolbar textarea.gif
105.06.11 13:44 B C:\Inetpub\wwwroot\Lblog\admin\FCKeditor\editor\skins\office2003\toolbar\textcolor.gif --> wsw1.surftown.dk /zxcv1234/lblog.dk/admin/FCKeditor/editor/skins/office2003/toolbar textcolor.gif
105.06.11 13:44 B C:\Inetpub\wwwroot\Lblog\admin\FCKeditor\editor\skins\office2003\toolbar\textfield.gif --> wsw1.surftown.dk /zxcv1234/lblog.dk/admin/FCKeditor/editor/skins/office2003/toolbar textfield.gif
105.06.11 13:44 B C:\Inetpub\wwwroot\Lblog\admin\FCKeditor\editor\skins\office2003\toolbar\underline.gif --> wsw1.surftown.dk /zxcv1234/lblog.dk/admin/FCKeditor/editor/skins/office2003/toolbar underline.gif
105.06.11 13:44 B C:\Inetpub\wwwroot\Lblog\admin\FCKeditor\editor\skins\office2003\toolbar\undo.gif --> wsw1.surftown.dk /zxcv1234/lblog.dk/admin/FCKeditor/editor/skins/office2003/toolbar undo.gif
105.06.11 13:44 B C:\Inetpub\wwwroot\Lblog\admin\FCKeditor\editor\skins\office2003\toolbar\universalkey.gif --> wsw1.surftown.dk /zxcv1234/lblog.dk/admin/FCKeditor/editor/skins/office2003/toolbar universalkey.gif
105.06.11 13:44 B C:\Inetpub\wwwroot\Lblog\admin\FCKeditor\editor\skins\office2003\toolbar\unlink.gif --> wsw1.surftown.dk /zxcv1234/lblog.dk/admin/FCKeditor/editor/skins/office2003/toolbar unlink.gif
105.06.11 13:44 B C:\Inetpub\wwwroot\Lblog\admin\FCKeditor\editor\skins\office2003\toolbar\unorderedlist.gif --> wsw1.surftown.dk /zxcv1234/lblog.dk/admin/FCKeditor/editor/skins/office2003/toolbar unorderedlist.gif
