105.06.11 13:44 B C:\Inetpub\wwwroot\Lblog\admin\FCKeditor\editor\skins\default\toolbar\about.gif --> wsw1.surftown.dk /zxcv1234/lblog.dk/admin/FCKeditor/editor/skins/default/toolbar about.gif
105.06.11 13:44 B C:\Inetpub\wwwroot\Lblog\admin\FCKeditor\editor\skins\default\toolbar\anchor.gif --> wsw1.surftown.dk /zxcv1234/lblog.dk/admin/FCKeditor/editor/skins/default/toolbar anchor.gif
105.06.11 13:44 B C:\Inetpub\wwwroot\Lblog\admin\FCKeditor\editor\skins\default\toolbar\bgcolor.gif --> wsw1.surftown.dk /zxcv1234/lblog.dk/admin/FCKeditor/editor/skins/default/toolbar bgcolor.gif
105.06.11 13:44 B C:\Inetpub\wwwroot\Lblog\admin\FCKeditor\editor\skins\default\toolbar\bold.gif --> wsw1.surftown.dk /zxcv1234/lblog.dk/admin/FCKeditor/editor/skins/default/toolbar bold.gif
105.06.11 13:44 B C:\Inetpub\wwwroot\Lblog\admin\FCKeditor\editor\skins\default\toolbar\bulletedlist.gif --> wsw1.surftown.dk /zxcv1234/lblog.dk/admin/FCKeditor/editor/skins/default/toolbar bulletedlist.gif
105.06.11 13:44 B C:\Inetpub\wwwroot\Lblog\admin\FCKeditor\editor\skins\default\toolbar\button.gif --> wsw1.surftown.dk /zxcv1234/lblog.dk/admin/FCKeditor/editor/skins/default/toolbar button.gif
105.06.11 13:44 B C:\Inetpub\wwwroot\Lblog\admin\FCKeditor\editor\skins\default\toolbar\checkbox.gif --> wsw1.surftown.dk /zxcv1234/lblog.dk/admin/FCKeditor/editor/skins/default/toolbar checkbox.gif
105.06.11 13:44 B C:\Inetpub\wwwroot\Lblog\admin\FCKeditor\editor\skins\default\toolbar\copy.gif --> wsw1.surftown.dk /zxcv1234/lblog.dk/admin/FCKeditor/editor/skins/default/toolbar copy.gif
105.06.11 13:44 B C:\Inetpub\wwwroot\Lblog\admin\FCKeditor\editor\skins\default\toolbar\cut.gif --> wsw1.surftown.dk /zxcv1234/lblog.dk/admin/FCKeditor/editor/skins/default/toolbar cut.gif
105.06.11 13:44 B C:\Inetpub\wwwroot\Lblog\admin\FCKeditor\editor\skins\default\toolbar\docprops.gif --> wsw1.surftown.dk /zxcv1234/lblog.dk/admin/FCKeditor/editor/skins/default/toolbar docprops.gif
105.06.11 13:44 B C:\Inetpub\wwwroot\Lblog\admin\FCKeditor\editor\skins\default\toolbar\find.gif --> wsw1.surftown.dk /zxcv1234/lblog.dk/admin/FCKeditor/editor/skins/default/toolbar find.gif
105.06.11 13:44 B C:\Inetpub\wwwroot\Lblog\admin\FCKeditor\editor\skins\default\toolbar\form.gif --> wsw1.surftown.dk /zxcv1234/lblog.dk/admin/FCKeditor/editor/skins/default/toolbar form.gif
105.06.11 13:44 B C:\Inetpub\wwwroot\Lblog\admin\FCKeditor\editor\skins\default\toolbar\hiddenfield.gif --> wsw1.surftown.dk /zxcv1234/lblog.dk/admin/FCKeditor/editor/skins/default/toolbar hiddenfield.gif
105.06.11 13:44 B C:\Inetpub\wwwroot\Lblog\admin\FCKeditor\editor\skins\default\toolbar\image.gif --> wsw1.surftown.dk /zxcv1234/lblog.dk/admin/FCKeditor/editor/skins/default/toolbar image.gif
105.06.11 13:44 B C:\Inetpub\wwwroot\Lblog\admin\FCKeditor\editor\skins\default\toolbar\imagebutton.gif --> wsw1.surftown.dk /zxcv1234/lblog.dk/admin/FCKeditor/editor/skins/default/toolbar imagebutton.gif
105.06.11 13:44 B C:\Inetpub\wwwroot\Lblog\admin\FCKeditor\editor\skins\default\toolbar\indent.gif --> wsw1.surftown.dk /zxcv1234/lblog.dk/admin/FCKeditor/editor/skins/default/toolbar indent.gif
105.06.11 13:44 B C:\Inetpub\wwwroot\Lblog\admin\FCKeditor\editor\skins\default\toolbar\inserthorizontalrule.gif --> wsw1.surftown.dk /zxcv1234/lblog.dk/admin/FCKeditor/editor/skins/default/toolbar inserthorizontalrule.gif
105.06.11 13:44 B C:\Inetpub\wwwroot\Lblog\admin\FCKeditor\editor\skins\default\toolbar\insertorderedlist.gif --> wsw1.surftown.dk /zxcv1234/lblog.dk/admin/FCKeditor/editor/skins/default/toolbar insertorderedlist.gif
105.06.11 13:44 B C:\Inetpub\wwwroot\Lblog\admin\FCKeditor\editor\skins\default\toolbar\insertunorderedlist.gif --> wsw1.surftown.dk /zxcv1234/lblog.dk/admin/FCKeditor/editor/skins/default/toolbar insertunorderedlist.gif
105.06.11 13:44 B C:\Inetpub\wwwroot\Lblog\admin\FCKeditor\editor\skins\default\toolbar\italic.gif --> wsw1.surftown.dk /zxcv1234/lblog.dk/admin/FCKeditor/editor/skins/default/toolbar italic.gif
105.06.11 13:44 B C:\Inetpub\wwwroot\Lblog\admin\FCKeditor\editor\skins\default\toolbar\justifycenter.gif --> wsw1.surftown.dk /zxcv1234/lblog.dk/admin/FCKeditor/editor/skins/default/toolbar justifycenter.gif
105.06.11 13:44 B C:\Inetpub\wwwroot\Lblog\admin\FCKeditor\editor\skins\default\toolbar\justifyfull.gif --> wsw1.surftown.dk /zxcv1234/lblog.dk/admin/FCKeditor/editor/skins/default/toolbar justifyfull.gif
105.06.11 13:44 B C:\Inetpub\wwwroot\Lblog\admin\FCKeditor\editor\skins\default\toolbar\justifyleft.gif --> wsw1.surftown.dk /zxcv1234/lblog.dk/admin/FCKeditor/editor/skins/default/toolbar justifyleft.gif
105.06.11 13:44 B C:\Inetpub\wwwroot\Lblog\admin\FCKeditor\editor\skins\default\toolbar\justifyright.gif --> wsw1.surftown.dk /zxcv1234/lblog.dk/admin/FCKeditor/editor/skins/default/toolbar justifyright.gif
105.06.11 13:44 B C:\Inetpub\wwwroot\Lblog\admin\FCKeditor\editor\skins\default\toolbar\link.gif --> wsw1.surftown.dk /zxcv1234/lblog.dk/admin/FCKeditor/editor/skins/default/toolbar link.gif
105.06.11 13:44 B C:\Inetpub\wwwroot\Lblog\admin\FCKeditor\editor\skins\default\toolbar\newpage.gif --> wsw1.surftown.dk /zxcv1234/lblog.dk/admin/FCKeditor/editor/skins/default/toolbar newpage.gif
105.06.11 13:44 B C:\Inetpub\wwwroot\Lblog\admin\FCKeditor\editor\skins\default\toolbar\numberedlist.gif --> wsw1.surftown.dk /zxcv1234/lblog.dk/admin/FCKeditor/editor/skins/default/toolbar numberedlist.gif
105.06.11 13:44 B C:\Inetpub\wwwroot\Lblog\admin\FCKeditor\editor\skins\default\toolbar\outdent.gif --> wsw1.surftown.dk /zxcv1234/lblog.dk/admin/FCKeditor/editor/skins/default/toolbar outdent.gif
105.06.11 13:44 B C:\Inetpub\wwwroot\Lblog\admin\FCKeditor\editor\skins\default\toolbar\paste.gif --> wsw1.surftown.dk /zxcv1234/lblog.dk/admin/FCKeditor/editor/skins/default/toolbar paste.gif
105.06.11 13:44 B C:\Inetpub\wwwroot\Lblog\admin\FCKeditor\editor\skins\default\toolbar\pastetext.gif --> wsw1.surftown.dk /zxcv1234/lblog.dk/admin/FCKeditor/editor/skins/default/toolbar pastetext.gif
105.06.11 13:44 B C:\Inetpub\wwwroot\Lblog\admin\FCKeditor\editor\skins\default\toolbar\pasteword.gif --> wsw1.surftown.dk /zxcv1234/lblog.dk/admin/FCKeditor/editor/skins/default/toolbar pasteword.gif
105.06.11 13:44 B C:\Inetpub\wwwroot\Lblog\admin\FCKeditor\editor\skins\default\toolbar\preview.gif --> wsw1.surftown.dk /zxcv1234/lblog.dk/admin/FCKeditor/editor/skins/default/toolbar preview.gif
105.06.11 13:44 B C:\Inetpub\wwwroot\Lblog\admin\FCKeditor\editor\skins\default\toolbar\print.gif --> wsw1.surftown.dk /zxcv1234/lblog.dk/admin/FCKeditor/editor/skins/default/toolbar print.gif
105.06.11 13:44 B C:\Inetpub\wwwroot\Lblog\admin\FCKeditor\editor\skins\default\toolbar\radio.gif --> wsw1.surftown.dk /zxcv1234/lblog.dk/admin/FCKeditor/editor/skins/default/toolbar radio.gif
105.06.11 13:44 B C:\Inetpub\wwwroot\Lblog\admin\FCKeditor\editor\skins\default\toolbar\redo.gif --> wsw1.surftown.dk /zxcv1234/lblog.dk/admin/FCKeditor/editor/skins/default/toolbar redo.gif
105.06.11 13:44 B C:\Inetpub\wwwroot\Lblog\admin\FCKeditor\editor\skins\default\toolbar\removeformat.gif --> wsw1.surftown.dk /zxcv1234/lblog.dk/admin/FCKeditor/editor/skins/default/toolbar removeformat.gif
105.06.11 13:44 B C:\Inetpub\wwwroot\Lblog\admin\FCKeditor\editor\skins\default\toolbar\replace.gif --> wsw1.surftown.dk /zxcv1234/lblog.dk/admin/FCKeditor/editor/skins/default/toolbar replace.gif
105.06.11 13:44 B C:\Inetpub\wwwroot\Lblog\admin\FCKeditor\editor\skins\default\toolbar\save.gif --> wsw1.surftown.dk /zxcv1234/lblog.dk/admin/FCKeditor/editor/skins/default/toolbar save.gif
105.06.11 13:44 B C:\Inetpub\wwwroot\Lblog\admin\FCKeditor\editor\skins\default\toolbar\select.gif --> wsw1.surftown.dk /zxcv1234/lblog.dk/admin/FCKeditor/editor/skins/default/toolbar select.gif
105.06.11 13:44 B C:\Inetpub\wwwroot\Lblog\admin\FCKeditor\editor\skins\default\toolbar\selectall.gif --> wsw1.surftown.dk /zxcv1234/lblog.dk/admin/FCKeditor/editor/skins/default/toolbar selectall.gif
105.06.11 13:44 B C:\Inetpub\wwwroot\Lblog\admin\FCKeditor\editor\skins\default\toolbar\showdetails.gif --> wsw1.surftown.dk /zxcv1234/lblog.dk/admin/FCKeditor/editor/skins/default/toolbar showdetails.gif
105.06.11 13:44 B C:\Inetpub\wwwroot\Lblog\admin\FCKeditor\editor\skins\default\toolbar\showtableborders.gif --> wsw1.surftown.dk /zxcv1234/lblog.dk/admin/FCKeditor/editor/skins/default/toolbar showtableborders.gif
105.06.11 13:44 B C:\Inetpub\wwwroot\Lblog\admin\FCKeditor\editor\skins\default\toolbar\smiley.gif --> wsw1.surftown.dk /zxcv1234/lblog.dk/admin/FCKeditor/editor/skins/default/toolbar smiley.gif
105.06.11 13:44 B C:\Inetpub\wwwroot\Lblog\admin\FCKeditor\editor\skins\default\toolbar\source.gif --> wsw1.surftown.dk /zxcv1234/lblog.dk/admin/FCKeditor/editor/skins/default/toolbar source.gif
105.06.11 13:44 B C:\Inetpub\wwwroot\Lblog\admin\FCKeditor\editor\skins\default\toolbar\specialchar.gif --> wsw1.surftown.dk /zxcv1234/lblog.dk/admin/FCKeditor/editor/skins/default/toolbar specialchar.gif
105.06.11 13:44 B C:\Inetpub\wwwroot\Lblog\admin\FCKeditor\editor\skins\default\toolbar\spellcheck.gif --> wsw1.surftown.dk /zxcv1234/lblog.dk/admin/FCKeditor/editor/skins/default/toolbar spellcheck.gif
105.06.11 13:44 B C:\Inetpub\wwwroot\Lblog\admin\FCKeditor\editor\skins\default\toolbar\strikethrough.gif --> wsw1.surftown.dk /zxcv1234/lblog.dk/admin/FCKeditor/editor/skins/default/toolbar strikethrough.gif
105.06.11 13:44 B C:\Inetpub\wwwroot\Lblog\admin\FCKeditor\editor\skins\default\toolbar\subscript.gif --> wsw1.surftown.dk /zxcv1234/lblog.dk/admin/FCKeditor/editor/skins/default/toolbar subscript.gif
105.06.11 13:44 B C:\Inetpub\wwwroot\Lblog\admin\FCKeditor\editor\skins\default\toolbar\superscript.gif --> wsw1.surftown.dk /zxcv1234/lblog.dk/admin/FCKeditor/editor/skins/default/toolbar superscript.gif
105.06.11 13:44 B C:\Inetpub\wwwroot\Lblog\admin\FCKeditor\editor\skins\default\toolbar\table.gif --> wsw1.surftown.dk /zxcv1234/lblog.dk/admin/FCKeditor/editor/skins/default/toolbar table.gif
105.06.11 13:44 B C:\Inetpub\wwwroot\Lblog\admin\FCKeditor\editor\skins\default\toolbar\tablecell.gif --> wsw1.surftown.dk /zxcv1234/lblog.dk/admin/FCKeditor/editor/skins/default/toolbar tablecell.gif
105.06.11 13:44 B C:\Inetpub\wwwroot\Lblog\admin\FCKeditor\editor\skins\default\toolbar\tabledeletecells.gif --> wsw1.surftown.dk /zxcv1234/lblog.dk/admin/FCKeditor/editor/skins/default/toolbar tabledeletecells.gif
105.06.11 13:44 B C:\Inetpub\wwwroot\Lblog\admin\FCKeditor\editor\skins\default\toolbar\tabledeletecolumns.gif --> wsw1.surftown.dk /zxcv1234/lblog.dk/admin/FCKeditor/editor/skins/default/toolbar tabledeletecolumns.gif
105.06.11 13:44 B C:\Inetpub\wwwroot\Lblog\admin\FCKeditor\editor\skins\default\toolbar\tabledeleterows.gif --> wsw1.surftown.dk /zxcv1234/lblog.dk/admin/FCKeditor/editor/skins/default/toolbar tabledeleterows.gif
105.06.11 13:44 B C:\Inetpub\wwwroot\Lblog\admin\FCKeditor\editor\skins\default\toolbar\tableinsertcell.gif --> wsw1.surftown.dk /zxcv1234/lblog.dk/admin/FCKeditor/editor/skins/default/toolbar tableinsertcell.gif
105.06.11 13:44 B C:\Inetpub\wwwroot\Lblog\admin\FCKeditor\editor\skins\default\toolbar\tableinsertcolumn.gif --> wsw1.surftown.dk /zxcv1234/lblog.dk/admin/FCKeditor/editor/skins/default/toolbar tableinsertcolumn.gif
105.06.11 13:44 B C:\Inetpub\wwwroot\Lblog\admin\FCKeditor\editor\skins\default\toolbar\tableinsertrow.gif --> wsw1.surftown.dk /zxcv1234/lblog.dk/admin/FCKeditor/editor/skins/default/toolbar tableinsertrow.gif
105.06.11 13:44 B C:\Inetpub\wwwroot\Lblog\admin\FCKeditor\editor\skins\default\toolbar\tablemergecells.gif --> wsw1.surftown.dk /zxcv1234/lblog.dk/admin/FCKeditor/editor/skins/default/toolbar tablemergecells.gif
105.06.11 13:44 B C:\Inetpub\wwwroot\Lblog\admin\FCKeditor\editor\skins\default\toolbar\tablesplitcell.gif --> wsw1.surftown.dk /zxcv1234/lblog.dk/admin/FCKeditor/editor/skins/default/toolbar tablesplitcell.gif
105.06.11 13:44 B C:\Inetpub\wwwroot\Lblog\admin\FCKeditor\editor\skins\default\toolbar\templates.gif --> wsw1.surftown.dk /zxcv1234/lblog.dk/admin/FCKeditor/editor/skins/default/toolbar templates.gif
105.06.11 13:44 B C:\Inetpub\wwwroot\Lblog\admin\FCKeditor\editor\skins\default\toolbar\textarea.gif --> wsw1.surftown.dk /zxcv1234/lblog.dk/admin/FCKeditor/editor/skins/default/toolbar textarea.gif
105.06.11 13:44 B C:\Inetpub\wwwroot\Lblog\admin\FCKeditor\editor\skins\default\toolbar\textcolor.gif --> wsw1.surftown.dk /zxcv1234/lblog.dk/admin/FCKeditor/editor/skins/default/toolbar textcolor.gif
105.06.11 13:44 B C:\Inetpub\wwwroot\Lblog\admin\FCKeditor\editor\skins\default\toolbar\textfield.gif --> wsw1.surftown.dk /zxcv1234/lblog.dk/admin/FCKeditor/editor/skins/default/toolbar textfield.gif
105.06.11 13:44 B C:\Inetpub\wwwroot\Lblog\admin\FCKeditor\editor\skins\default\toolbar\underline.gif --> wsw1.surftown.dk /zxcv1234/lblog.dk/admin/FCKeditor/editor/skins/default/toolbar underline.gif
105.06.11 13:44 B C:\Inetpub\wwwroot\Lblog\admin\FCKeditor\editor\skins\default\toolbar\undo.gif --> wsw1.surftown.dk /zxcv1234/lblog.dk/admin/FCKeditor/editor/skins/default/toolbar undo.gif
105.06.11 13:44 B C:\Inetpub\wwwroot\Lblog\admin\FCKeditor\editor\skins\default\toolbar\universalkey.gif --> wsw1.surftown.dk /zxcv1234/lblog.dk/admin/FCKeditor/editor/skins/default/toolbar universalkey.gif
105.06.11 13:44 B C:\Inetpub\wwwroot\Lblog\admin\FCKeditor\editor\skins\default\toolbar\unlink.gif --> wsw1.surftown.dk /zxcv1234/lblog.dk/admin/FCKeditor/editor/skins/default/toolbar unlink.gif
105.06.11 13:44 B C:\Inetpub\wwwroot\Lblog\admin\FCKeditor\editor\skins\default\toolbar\unorderedlist.gif --> wsw1.surftown.dk /zxcv1234/lblog.dk/admin/FCKeditor/editor/skins/default/toolbar unorderedlist.gif
