105.06.11 13:43 B C:\Inetpub\wwwroot\Lblog\admin\FCKeditor\editor\lang\_translationstatus.txt --> wsw1.surftown.dk /zxcv1234/lblog.dk/admin/FCKeditor/editor/lang _translationstatus.txt
105.06.11 13:43 B C:\Inetpub\wwwroot\Lblog\admin\FCKeditor\editor\lang\ar.js --> wsw1.surftown.dk /zxcv1234/lblog.dk/admin/FCKeditor/editor/lang ar.js
105.06.11 13:43 B C:\Inetpub\wwwroot\Lblog\admin\FCKeditor\editor\lang\bg.js --> wsw1.surftown.dk /zxcv1234/lblog.dk/admin/FCKeditor/editor/lang bg.js
105.06.11 13:43 B C:\Inetpub\wwwroot\Lblog\admin\FCKeditor\editor\lang\bs.js --> wsw1.surftown.dk /zxcv1234/lblog.dk/admin/FCKeditor/editor/lang bs.js
105.06.11 13:43 B C:\Inetpub\wwwroot\Lblog\admin\FCKeditor\editor\lang\ca.js --> wsw1.surftown.dk /zxcv1234/lblog.dk/admin/FCKeditor/editor/lang ca.js
105.06.11 13:43 B C:\Inetpub\wwwroot\Lblog\admin\FCKeditor\editor\lang\cs.js --> wsw1.surftown.dk /zxcv1234/lblog.dk/admin/FCKeditor/editor/lang cs.js
105.06.11 13:43 B C:\Inetpub\wwwroot\Lblog\admin\FCKeditor\editor\lang\da.js --> wsw1.surftown.dk /zxcv1234/lblog.dk/admin/FCKeditor/editor/lang da.js
105.06.11 13:43 B C:\Inetpub\wwwroot\Lblog\admin\FCKeditor\editor\lang\de.js --> wsw1.surftown.dk /zxcv1234/lblog.dk/admin/FCKeditor/editor/lang de.js
105.06.11 13:43 B C:\Inetpub\wwwroot\Lblog\admin\FCKeditor\editor\lang\el.js --> wsw1.surftown.dk /zxcv1234/lblog.dk/admin/FCKeditor/editor/lang el.js
105.06.11 13:43 B C:\Inetpub\wwwroot\Lblog\admin\FCKeditor\editor\lang\en-au.js --> wsw1.surftown.dk /zxcv1234/lblog.dk/admin/FCKeditor/editor/lang en-au.js
105.06.11 13:43 B C:\Inetpub\wwwroot\Lblog\admin\FCKeditor\editor\lang\en-uk.js --> wsw1.surftown.dk /zxcv1234/lblog.dk/admin/FCKeditor/editor/lang en-uk.js
105.06.11 13:43 B C:\Inetpub\wwwroot\Lblog\admin\FCKeditor\editor\lang\en.js --> wsw1.surftown.dk /zxcv1234/lblog.dk/admin/FCKeditor/editor/lang en.js
105.06.11 13:43 B C:\Inetpub\wwwroot\Lblog\admin\FCKeditor\editor\lang\eo.js --> wsw1.surftown.dk /zxcv1234/lblog.dk/admin/FCKeditor/editor/lang eo.js
105.06.11 13:43 B C:\Inetpub\wwwroot\Lblog\admin\FCKeditor\editor\lang\es.js --> wsw1.surftown.dk /zxcv1234/lblog.dk/admin/FCKeditor/editor/lang es.js
105.06.11 13:43 B C:\Inetpub\wwwroot\Lblog\admin\FCKeditor\editor\lang\et.js --> wsw1.surftown.dk /zxcv1234/lblog.dk/admin/FCKeditor/editor/lang et.js
105.06.11 13:43 B C:\Inetpub\wwwroot\Lblog\admin\FCKeditor\editor\lang\eu.js --> wsw1.surftown.dk /zxcv1234/lblog.dk/admin/FCKeditor/editor/lang eu.js
105.06.11 13:43 B C:\Inetpub\wwwroot\Lblog\admin\FCKeditor\editor\lang\fa.js --> wsw1.surftown.dk /zxcv1234/lblog.dk/admin/FCKeditor/editor/lang fa.js
105.06.11 13:43 B C:\Inetpub\wwwroot\Lblog\admin\FCKeditor\editor\lang\fcklanguagemanager.js --> wsw1.surftown.dk /zxcv1234/lblog.dk/admin/FCKeditor/editor/lang fcklanguagemanager.js
105.06.11 13:43 B C:\Inetpub\wwwroot\Lblog\admin\FCKeditor\editor\lang\fi.js --> wsw1.surftown.dk /zxcv1234/lblog.dk/admin/FCKeditor/editor/lang fi.js
105.06.11 13:43 B C:\Inetpub\wwwroot\Lblog\admin\FCKeditor\editor\lang\fr.js --> wsw1.surftown.dk /zxcv1234/lblog.dk/admin/FCKeditor/editor/lang fr.js
105.06.11 13:44 B C:\Inetpub\wwwroot\Lblog\admin\FCKeditor\editor\lang\gl.js --> wsw1.surftown.dk /zxcv1234/lblog.dk/admin/FCKeditor/editor/lang gl.js
105.06.11 13:44 B C:\Inetpub\wwwroot\Lblog\admin\FCKeditor\editor\lang\he.js --> wsw1.surftown.dk /zxcv1234/lblog.dk/admin/FCKeditor/editor/lang he.js
105.06.11 13:44 B C:\Inetpub\wwwroot\Lblog\admin\FCKeditor\editor\lang\hr.js --> wsw1.surftown.dk /zxcv1234/lblog.dk/admin/FCKeditor/editor/lang hr.js
105.06.11 13:44 B C:\Inetpub\wwwroot\Lblog\admin\FCKeditor\editor\lang\hu.js --> wsw1.surftown.dk /zxcv1234/lblog.dk/admin/FCKeditor/editor/lang hu.js
105.06.11 13:44 B C:\Inetpub\wwwroot\Lblog\admin\FCKeditor\editor\lang\it.js --> wsw1.surftown.dk /zxcv1234/lblog.dk/admin/FCKeditor/editor/lang it.js
105.06.11 13:44 B C:\Inetpub\wwwroot\Lblog\admin\FCKeditor\editor\lang\ja.js --> wsw1.surftown.dk /zxcv1234/lblog.dk/admin/FCKeditor/editor/lang ja.js
105.06.11 13:44 B C:\Inetpub\wwwroot\Lblog\admin\FCKeditor\editor\lang\ko.js --> wsw1.surftown.dk /zxcv1234/lblog.dk/admin/FCKeditor/editor/lang ko.js
105.06.11 13:44 B C:\Inetpub\wwwroot\Lblog\admin\FCKeditor\editor\lang\lt.js --> wsw1.surftown.dk /zxcv1234/lblog.dk/admin/FCKeditor/editor/lang lt.js
105.06.11 13:44 B C:\Inetpub\wwwroot\Lblog\admin\FCKeditor\editor\lang\nl.js --> wsw1.surftown.dk /zxcv1234/lblog.dk/admin/FCKeditor/editor/lang nl.js
105.06.11 13:44 B C:\Inetpub\wwwroot\Lblog\admin\FCKeditor\editor\lang\no.js --> wsw1.surftown.dk /zxcv1234/lblog.dk/admin/FCKeditor/editor/lang no.js
105.06.11 13:44 B C:\Inetpub\wwwroot\Lblog\admin\FCKeditor\editor\lang\pl.js --> wsw1.surftown.dk /zxcv1234/lblog.dk/admin/FCKeditor/editor/lang pl.js
105.06.11 13:44 B C:\Inetpub\wwwroot\Lblog\admin\FCKeditor\editor\lang\pt-br.js --> wsw1.surftown.dk /zxcv1234/lblog.dk/admin/FCKeditor/editor/lang pt-br.js
105.06.11 13:44 B C:\Inetpub\wwwroot\Lblog\admin\FCKeditor\editor\lang\pt.js --> wsw1.surftown.dk /zxcv1234/lblog.dk/admin/FCKeditor/editor/lang pt.js
105.06.11 13:44 B C:\Inetpub\wwwroot\Lblog\admin\FCKeditor\editor\lang\ro.js --> wsw1.surftown.dk /zxcv1234/lblog.dk/admin/FCKeditor/editor/lang ro.js
105.06.11 13:44 B C:\Inetpub\wwwroot\Lblog\admin\FCKeditor\editor\lang\ru.js --> wsw1.surftown.dk /zxcv1234/lblog.dk/admin/FCKeditor/editor/lang ru.js
105.06.11 13:44 B C:\Inetpub\wwwroot\Lblog\admin\FCKeditor\editor\lang\sk.js --> wsw1.surftown.dk /zxcv1234/lblog.dk/admin/FCKeditor/editor/lang sk.js
105.06.11 13:44 B C:\Inetpub\wwwroot\Lblog\admin\FCKeditor\editor\lang\sl.js --> wsw1.surftown.dk /zxcv1234/lblog.dk/admin/FCKeditor/editor/lang sl.js
105.06.11 13:44 B C:\Inetpub\wwwroot\Lblog\admin\FCKeditor\editor\lang\sr-latn.js --> wsw1.surftown.dk /zxcv1234/lblog.dk/admin/FCKeditor/editor/lang sr-latn.js
105.06.11 13:44 B C:\Inetpub\wwwroot\Lblog\admin\FCKeditor\editor\lang\sr.js --> wsw1.surftown.dk /zxcv1234/lblog.dk/admin/FCKeditor/editor/lang sr.js
105.06.11 13:44 B C:\Inetpub\wwwroot\Lblog\admin\FCKeditor\editor\lang\sv.js --> wsw1.surftown.dk /zxcv1234/lblog.dk/admin/FCKeditor/editor/lang sv.js
105.06.11 13:44 B C:\Inetpub\wwwroot\Lblog\admin\FCKeditor\editor\lang\th.js --> wsw1.surftown.dk /zxcv1234/lblog.dk/admin/FCKeditor/editor/lang th.js
105.06.11 13:44 B C:\Inetpub\wwwroot\Lblog\admin\FCKeditor\editor\lang\tr.js --> wsw1.surftown.dk /zxcv1234/lblog.dk/admin/FCKeditor/editor/lang tr.js
105.06.11 13:44 B C:\Inetpub\wwwroot\Lblog\admin\FCKeditor\editor\lang\uk.js --> wsw1.surftown.dk /zxcv1234/lblog.dk/admin/FCKeditor/editor/lang uk.js
105.06.11 13:44 B C:\Inetpub\wwwroot\Lblog\admin\FCKeditor\editor\lang\zh-cn.js --> wsw1.surftown.dk /zxcv1234/lblog.dk/admin/FCKeditor/editor/lang zh-cn.js
105.06.11 13:44 B C:\Inetpub\wwwroot\Lblog\admin\FCKeditor\editor\lang\zh.js --> wsw1.surftown.dk /zxcv1234/lblog.dk/admin/FCKeditor/editor/lang zh.js
