105.06.11 13:41 B C:\Inetpub\wwwroot\Lblog\admin\FCKeditor\editor\dialog\fck_about.html --> wsw1.surftown.dk /zxcv1234/lblog.dk/admin/FCKeditor/editor/dialog fck_about.html
105.06.11 13:41 B C:\Inetpub\wwwroot\Lblog\admin\FCKeditor\editor\dialog\fck_anchor.html --> wsw1.surftown.dk /zxcv1234/lblog.dk/admin/FCKeditor/editor/dialog fck_anchor.html
105.06.11 13:41 B C:\Inetpub\wwwroot\Lblog\admin\FCKeditor\editor\dialog\fck_button.html --> wsw1.surftown.dk /zxcv1234/lblog.dk/admin/FCKeditor/editor/dialog fck_button.html
105.06.11 13:41 B C:\Inetpub\wwwroot\Lblog\admin\FCKeditor\editor\dialog\fck_checkbox.html --> wsw1.surftown.dk /zxcv1234/lblog.dk/admin/FCKeditor/editor/dialog fck_checkbox.html
105.06.11 13:41 B C:\Inetpub\wwwroot\Lblog\admin\FCKeditor\editor\dialog\fck_colorselector.html --> wsw1.surftown.dk /zxcv1234/lblog.dk/admin/FCKeditor/editor/dialog fck_colorselector.html
105.06.11 13:42 B C:\Inetpub\wwwroot\Lblog\admin\FCKeditor\editor\dialog\fck_docprops.html --> wsw1.surftown.dk /zxcv1234/lblog.dk/admin/FCKeditor/editor/dialog fck_docprops.html
105.06.11 13:42 B C:\Inetpub\wwwroot\Lblog\admin\FCKeditor\editor\dialog\fck_find.html --> wsw1.surftown.dk /zxcv1234/lblog.dk/admin/FCKeditor/editor/dialog fck_find.html
105.06.11 13:42 B C:\Inetpub\wwwroot\Lblog\admin\FCKeditor\editor\dialog\fck_form.html --> wsw1.surftown.dk /zxcv1234/lblog.dk/admin/FCKeditor/editor/dialog fck_form.html
105.06.11 13:42 B C:\Inetpub\wwwroot\Lblog\admin\FCKeditor\editor\dialog\fck_hiddenfield.html --> wsw1.surftown.dk /zxcv1234/lblog.dk/admin/FCKeditor/editor/dialog fck_hiddenfield.html
105.06.11 13:42 B C:\Inetpub\wwwroot\Lblog\admin\FCKeditor\editor\dialog\fck_image.html --> wsw1.surftown.dk /zxcv1234/lblog.dk/admin/FCKeditor/editor/dialog fck_image.html
105.06.11 13:42 B C:\Inetpub\wwwroot\Lblog\admin\FCKeditor\editor\dialog\fck_link.html --> wsw1.surftown.dk /zxcv1234/lblog.dk/admin/FCKeditor/editor/dialog fck_link.html
105.06.11 13:42 B C:\Inetpub\wwwroot\Lblog\admin\FCKeditor\editor\dialog\fck_listprop.html --> wsw1.surftown.dk /zxcv1234/lblog.dk/admin/FCKeditor/editor/dialog fck_listprop.html
105.06.11 13:42 B C:\Inetpub\wwwroot\Lblog\admin\FCKeditor\editor\dialog\fck_paste.html --> wsw1.surftown.dk /zxcv1234/lblog.dk/admin/FCKeditor/editor/dialog fck_paste.html
105.06.11 13:42 B C:\Inetpub\wwwroot\Lblog\admin\FCKeditor\editor\dialog\fck_radiobutton.html --> wsw1.surftown.dk /zxcv1234/lblog.dk/admin/FCKeditor/editor/dialog fck_radiobutton.html
105.06.11 13:42 B C:\Inetpub\wwwroot\Lblog\admin\FCKeditor\editor\dialog\fck_replace.html --> wsw1.surftown.dk /zxcv1234/lblog.dk/admin/FCKeditor/editor/dialog fck_replace.html
105.06.11 13:42 B C:\Inetpub\wwwroot\Lblog\admin\FCKeditor\editor\dialog\fck_select.html --> wsw1.surftown.dk /zxcv1234/lblog.dk/admin/FCKeditor/editor/dialog fck_select.html
105.06.11 13:42 B C:\Inetpub\wwwroot\Lblog\admin\FCKeditor\editor\dialog\fck_smiley.html --> wsw1.surftown.dk /zxcv1234/lblog.dk/admin/FCKeditor/editor/dialog fck_smiley.html
105.06.11 13:42 B C:\Inetpub\wwwroot\Lblog\admin\FCKeditor\editor\dialog\fck_specialchar.html --> wsw1.surftown.dk /zxcv1234/lblog.dk/admin/FCKeditor/editor/dialog fck_specialchar.html
105.06.11 13:42 B C:\Inetpub\wwwroot\Lblog\admin\FCKeditor\editor\dialog\fck_spellerpages.html --> wsw1.surftown.dk /zxcv1234/lblog.dk/admin/FCKeditor/editor/dialog fck_spellerpages.html
105.06.11 13:42 B C:\Inetpub\wwwroot\Lblog\admin\FCKeditor\editor\dialog\fck_table.html --> wsw1.surftown.dk /zxcv1234/lblog.dk/admin/FCKeditor/editor/dialog fck_table.html
105.06.11 13:42 B C:\Inetpub\wwwroot\Lblog\admin\FCKeditor\editor\dialog\fck_tablecell.html --> wsw1.surftown.dk /zxcv1234/lblog.dk/admin/FCKeditor/editor/dialog fck_tablecell.html
105.06.11 13:42 B C:\Inetpub\wwwroot\Lblog\admin\FCKeditor\editor\dialog\fck_template.html --> wsw1.surftown.dk /zxcv1234/lblog.dk/admin/FCKeditor/editor/dialog fck_template.html
105.06.11 13:42 B C:\Inetpub\wwwroot\Lblog\admin\FCKeditor\editor\dialog\fck_textarea.html --> wsw1.surftown.dk /zxcv1234/lblog.dk/admin/FCKeditor/editor/dialog fck_textarea.html
105.06.11 13:42 B C:\Inetpub\wwwroot\Lblog\admin\FCKeditor\editor\dialog\fck_textfield.html --> wsw1.surftown.dk /zxcv1234/lblog.dk/admin/FCKeditor/editor/dialog fck_textfield.html
105.06.11 13:42 B C:\Inetpub\wwwroot\Lblog\admin\FCKeditor\editor\dialog\fck_universalkey.html --> wsw1.surftown.dk /zxcv1234/lblog.dk/admin/FCKeditor/editor/dialog fck_universalkey.html
