105.06.11 13:43 B C:\Inetpub\wwwroot\Lblog\admin\FCKeditor\editor\filemanager\browser\mcpuk\images\icons\ai.gif --> wsw1.surftown.dk /zxcv1234/lblog.dk/admin/FCKeditor/editor/filemanager/browser/mcpuk/images/icons ai.gif
105.06.11 13:43 B C:\Inetpub\wwwroot\Lblog\admin\FCKeditor\editor\filemanager\browser\mcpuk\images\icons\avi.gif --> wsw1.surftown.dk /zxcv1234/lblog.dk/admin/FCKeditor/editor/filemanager/browser/mcpuk/images/icons avi.gif
105.06.11 13:43 B C:\Inetpub\wwwroot\Lblog\admin\FCKeditor\editor\filemanager\browser\mcpuk\images\icons\bmp.gif --> wsw1.surftown.dk /zxcv1234/lblog.dk/admin/FCKeditor/editor/filemanager/browser/mcpuk/images/icons bmp.gif
105.06.11 13:43 B C:\Inetpub\wwwroot\Lblog\admin\FCKeditor\editor\filemanager\browser\mcpuk\images\icons\cs.gif --> wsw1.surftown.dk /zxcv1234/lblog.dk/admin/FCKeditor/editor/filemanager/browser/mcpuk/images/icons cs.gif
105.06.11 13:43 B C:\Inetpub\wwwroot\Lblog\admin\FCKeditor\editor\filemanager\browser\mcpuk\images\icons\default.icon.gif --> wsw1.surftown.dk /zxcv1234/lblog.dk/admin/FCKeditor/editor/filemanager/browser/mcpuk/images/icons default.icon.gif
105.06.11 13:43 B C:\Inetpub\wwwroot\Lblog\admin\FCKeditor\editor\filemanager\browser\mcpuk\images\icons\dll.gif --> wsw1.surftown.dk /zxcv1234/lblog.dk/admin/FCKeditor/editor/filemanager/browser/mcpuk/images/icons dll.gif
105.06.11 13:43 B C:\Inetpub\wwwroot\Lblog\admin\FCKeditor\editor\filemanager\browser\mcpuk\images\icons\doc.gif --> wsw1.surftown.dk /zxcv1234/lblog.dk/admin/FCKeditor/editor/filemanager/browser/mcpuk/images/icons doc.gif
105.06.11 13:43 B C:\Inetpub\wwwroot\Lblog\admin\FCKeditor\editor\filemanager\browser\mcpuk\images\icons\exe.gif --> wsw1.surftown.dk /zxcv1234/lblog.dk/admin/FCKeditor/editor/filemanager/browser/mcpuk/images/icons exe.gif
105.06.11 13:43 B C:\Inetpub\wwwroot\Lblog\admin\FCKeditor\editor\filemanager\browser\mcpuk\images\icons\fla.gif --> wsw1.surftown.dk /zxcv1234/lblog.dk/admin/FCKeditor/editor/filemanager/browser/mcpuk/images/icons fla.gif
105.06.11 13:43 B C:\Inetpub\wwwroot\Lblog\admin\FCKeditor\editor\filemanager\browser\mcpuk\images\icons\gif.gif --> wsw1.surftown.dk /zxcv1234/lblog.dk/admin/FCKeditor/editor/filemanager/browser/mcpuk/images/icons gif.gif
105.06.11 13:43 B C:\Inetpub\wwwroot\Lblog\admin\FCKeditor\editor\filemanager\browser\mcpuk\images\icons\htm.gif --> wsw1.surftown.dk /zxcv1234/lblog.dk/admin/FCKeditor/editor/filemanager/browser/mcpuk/images/icons htm.gif
105.06.11 13:43 B C:\Inetpub\wwwroot\Lblog\admin\FCKeditor\editor\filemanager\browser\mcpuk\images\icons\html.gif --> wsw1.surftown.dk /zxcv1234/lblog.dk/admin/FCKeditor/editor/filemanager/browser/mcpuk/images/icons html.gif
105.06.11 13:43 B C:\Inetpub\wwwroot\Lblog\admin\FCKeditor\editor\filemanager\browser\mcpuk\images\icons\jpg.gif --> wsw1.surftown.dk /zxcv1234/lblog.dk/admin/FCKeditor/editor/filemanager/browser/mcpuk/images/icons jpg.gif
105.06.11 13:43 B C:\Inetpub\wwwroot\Lblog\admin\FCKeditor\editor\filemanager\browser\mcpuk\images\icons\js.gif --> wsw1.surftown.dk /zxcv1234/lblog.dk/admin/FCKeditor/editor/filemanager/browser/mcpuk/images/icons js.gif
105.06.11 13:43 B C:\Inetpub\wwwroot\Lblog\admin\FCKeditor\editor\filemanager\browser\mcpuk\images\icons\mdb.gif --> wsw1.surftown.dk /zxcv1234/lblog.dk/admin/FCKeditor/editor/filemanager/browser/mcpuk/images/icons mdb.gif
105.06.11 13:43 B C:\Inetpub\wwwroot\Lblog\admin\FCKeditor\editor\filemanager\browser\mcpuk\images\icons\mp3.gif --> wsw1.surftown.dk /zxcv1234/lblog.dk/admin/FCKeditor/editor/filemanager/browser/mcpuk/images/icons mp3.gif
105.06.11 13:43 B C:\Inetpub\wwwroot\Lblog\admin\FCKeditor\editor\filemanager\browser\mcpuk\images\icons\pdf.gif --> wsw1.surftown.dk /zxcv1234/lblog.dk/admin/FCKeditor/editor/filemanager/browser/mcpuk/images/icons pdf.gif
105.06.11 13:43 B C:\Inetpub\wwwroot\Lblog\admin\FCKeditor\editor\filemanager\browser\mcpuk\images\icons\ppt.gif --> wsw1.surftown.dk /zxcv1234/lblog.dk/admin/FCKeditor/editor/filemanager/browser/mcpuk/images/icons ppt.gif
105.06.11 13:43 B C:\Inetpub\wwwroot\Lblog\admin\FCKeditor\editor\filemanager\browser\mcpuk\images\icons\rdp.gif --> wsw1.surftown.dk /zxcv1234/lblog.dk/admin/FCKeditor/editor/filemanager/browser/mcpuk/images/icons rdp.gif
105.06.11 13:43 B C:\Inetpub\wwwroot\Lblog\admin\FCKeditor\editor\filemanager\browser\mcpuk\images\icons\swf.gif --> wsw1.surftown.dk /zxcv1234/lblog.dk/admin/FCKeditor/editor/filemanager/browser/mcpuk/images/icons swf.gif
105.06.11 13:43 B C:\Inetpub\wwwroot\Lblog\admin\FCKeditor\editor\filemanager\browser\mcpuk\images\icons\swt.gif --> wsw1.surftown.dk /zxcv1234/lblog.dk/admin/FCKeditor/editor/filemanager/browser/mcpuk/images/icons swt.gif
105.06.11 13:43 B C:\Inetpub\wwwroot\Lblog\admin\FCKeditor\editor\filemanager\browser\mcpuk\images\icons\txt.gif --> wsw1.surftown.dk /zxcv1234/lblog.dk/admin/FCKeditor/editor/filemanager/browser/mcpuk/images/icons txt.gif
105.06.11 13:43 B C:\Inetpub\wwwroot\Lblog\admin\FCKeditor\editor\filemanager\browser\mcpuk\images\icons\vsd.gif --> wsw1.surftown.dk /zxcv1234/lblog.dk/admin/FCKeditor/editor/filemanager/browser/mcpuk/images/icons vsd.gif
105.06.11 13:43 B C:\Inetpub\wwwroot\Lblog\admin\FCKeditor\editor\filemanager\browser\mcpuk\images\icons\xls.gif --> wsw1.surftown.dk /zxcv1234/lblog.dk/admin/FCKeditor/editor/filemanager/browser/mcpuk/images/icons xls.gif
105.06.11 13:43 B C:\Inetpub\wwwroot\Lblog\admin\FCKeditor\editor\filemanager\browser\mcpuk\images\icons\xml.gif --> wsw1.surftown.dk /zxcv1234/lblog.dk/admin/FCKeditor/editor/filemanager/browser/mcpuk/images/icons xml.gif
105.06.11 13:43 B C:\Inetpub\wwwroot\Lblog\admin\FCKeditor\editor\filemanager\browser\mcpuk\images\icons\zip.gif --> wsw1.surftown.dk /zxcv1234/lblog.dk/admin/FCKeditor/editor/filemanager/browser/mcpuk/images/icons zip.gif
