105.06.11 13:41 B C:\Inetpub\wwwroot\Lblog\admin\FCKeditor\editor\_source\classes\fckcontextmenugroup.js --> wsw1.surftown.dk /zxcv1234/lblog.dk/admin/FCKeditor/editor/_source/classes fckcontextmenugroup.js
105.06.11 13:41 B C:\Inetpub\wwwroot\Lblog\admin\FCKeditor\editor\_source\classes\fckcontextmenuitem.js --> wsw1.surftown.dk /zxcv1234/lblog.dk/admin/FCKeditor/editor/_source/classes fckcontextmenuitem.js
105.06.11 13:41 B C:\Inetpub\wwwroot\Lblog\admin\FCKeditor\editor\_source\classes\fckcontextmenuseparator.js --> wsw1.surftown.dk /zxcv1234/lblog.dk/admin/FCKeditor/editor/_source/classes fckcontextmenuseparator.js
105.06.11 13:41 B C:\Inetpub\wwwroot\Lblog\admin\FCKeditor\editor\_source\classes\fckevents.js --> wsw1.surftown.dk /zxcv1234/lblog.dk/admin/FCKeditor/editor/_source/classes fckevents.js
105.06.11 13:41 B C:\Inetpub\wwwroot\Lblog\admin\FCKeditor\editor\_source\classes\fckpanel_gecko.js --> wsw1.surftown.dk /zxcv1234/lblog.dk/admin/FCKeditor/editor/_source/classes fckpanel_gecko.js
105.06.11 13:41 B C:\Inetpub\wwwroot\Lblog\admin\FCKeditor\editor\_source\classes\fckpanel_ie.js --> wsw1.surftown.dk /zxcv1234/lblog.dk/admin/FCKeditor/editor/_source/classes fckpanel_ie.js
105.06.11 13:41 B C:\Inetpub\wwwroot\Lblog\admin\FCKeditor\editor\_source\classes\fckplugin.js --> wsw1.surftown.dk /zxcv1234/lblog.dk/admin/FCKeditor/editor/_source/classes fckplugin.js
105.06.11 13:41 B C:\Inetpub\wwwroot\Lblog\admin\FCKeditor\editor\_source\classes\fckspecialcombo.js --> wsw1.surftown.dk /zxcv1234/lblog.dk/admin/FCKeditor/editor/_source/classes fckspecialcombo.js
105.06.11 13:41 B C:\Inetpub\wwwroot\Lblog\admin\FCKeditor\editor\_source\classes\fckstyledef.js --> wsw1.surftown.dk /zxcv1234/lblog.dk/admin/FCKeditor/editor/_source/classes fckstyledef.js
105.06.11 13:41 B C:\Inetpub\wwwroot\Lblog\admin\FCKeditor\editor\_source\classes\fckstyledef_gecko.js --> wsw1.surftown.dk /zxcv1234/lblog.dk/admin/FCKeditor/editor/_source/classes fckstyledef_gecko.js
105.06.11 13:41 B C:\Inetpub\wwwroot\Lblog\admin\FCKeditor\editor\_source\classes\fckstyledef_ie.js --> wsw1.surftown.dk /zxcv1234/lblog.dk/admin/FCKeditor/editor/_source/classes fckstyledef_ie.js
105.06.11 13:41 B C:\Inetpub\wwwroot\Lblog\admin\FCKeditor\editor\_source\classes\fckstylesloader.js --> wsw1.surftown.dk /zxcv1234/lblog.dk/admin/FCKeditor/editor/_source/classes fckstylesloader.js
105.06.11 13:41 B C:\Inetpub\wwwroot\Lblog\admin\FCKeditor\editor\_source\classes\fcktoolbar.js --> wsw1.surftown.dk /zxcv1234/lblog.dk/admin/FCKeditor/editor/_source/classes fcktoolbar.js
105.06.11 13:41 B C:\Inetpub\wwwroot\Lblog\admin\FCKeditor\editor\_source\classes\fcktoolbarbreak_gecko.js --> wsw1.surftown.dk /zxcv1234/lblog.dk/admin/FCKeditor/editor/_source/classes fcktoolbarbreak_gecko.js
105.06.11 13:41 B C:\Inetpub\wwwroot\Lblog\admin\FCKeditor\editor\_source\classes\fcktoolbarbreak_ie.js --> wsw1.surftown.dk /zxcv1234/lblog.dk/admin/FCKeditor/editor/_source/classes fcktoolbarbreak_ie.js
105.06.11 13:41 B C:\Inetpub\wwwroot\Lblog\admin\FCKeditor\editor\_source\classes\fcktoolbarbutton.js --> wsw1.surftown.dk /zxcv1234/lblog.dk/admin/FCKeditor/editor/_source/classes fcktoolbarbutton.js
105.06.11 13:41 B C:\Inetpub\wwwroot\Lblog\admin\FCKeditor\editor\_source\classes\fcktoolbarfontformatcombo.js --> wsw1.surftown.dk /zxcv1234/lblog.dk/admin/FCKeditor/editor/_source/classes fcktoolbarfontformatcombo.js
105.06.11 13:41 B C:\Inetpub\wwwroot\Lblog\admin\FCKeditor\editor\_source\classes\fcktoolbarfontscombo.js --> wsw1.surftown.dk /zxcv1234/lblog.dk/admin/FCKeditor/editor/_source/classes fcktoolbarfontscombo.js
105.06.11 13:41 B C:\Inetpub\wwwroot\Lblog\admin\FCKeditor\editor\_source\classes\fcktoolbarfontsizecombo.js --> wsw1.surftown.dk /zxcv1234/lblog.dk/admin/FCKeditor/editor/_source/classes fcktoolbarfontsizecombo.js
105.06.11 13:41 B C:\Inetpub\wwwroot\Lblog\admin\FCKeditor\editor\_source\classes\fcktoolbarpanelbutton.js --> wsw1.surftown.dk /zxcv1234/lblog.dk/admin/FCKeditor/editor/_source/classes fcktoolbarpanelbutton.js
105.06.11 13:41 B C:\Inetpub\wwwroot\Lblog\admin\FCKeditor\editor\_source\classes\fcktoolbarspecialcombo.js --> wsw1.surftown.dk /zxcv1234/lblog.dk/admin/FCKeditor/editor/_source/classes fcktoolbarspecialcombo.js
105.06.11 13:41 B C:\Inetpub\wwwroot\Lblog\admin\FCKeditor\editor\_source\classes\fcktoolbarstylecombo.js --> wsw1.surftown.dk /zxcv1234/lblog.dk/admin/FCKeditor/editor/_source/classes fcktoolbarstylecombo.js
105.06.11 13:41 B C:\Inetpub\wwwroot\Lblog\admin\FCKeditor\editor\_source\classes\fckxml_gecko.js --> wsw1.surftown.dk /zxcv1234/lblog.dk/admin/FCKeditor/editor/_source/classes fckxml_gecko.js
105.06.11 13:41 B C:\Inetpub\wwwroot\Lblog\admin\FCKeditor\editor\_source\classes\fckxml_ie.js --> wsw1.surftown.dk /zxcv1234/lblog.dk/admin/FCKeditor/editor/_source/classes fckxml_ie.js
